2018-10-18 08:16:19.486  INFO 10340 --- [main] com.merck.Application                    : Starting Application on DESKTOP-KFHNQDV with PID 10340 (started by 应 in C:\github\codeRep\Java\sping boot\merckActrl)
2018-10-18 08:16:19.505  INFO 10340 --- [main] com.merck.Application                    : No active profile set, falling back to default profiles: default
2018-10-18 08:16:19.739  INFO 10340 --- [main] ConfigServletWebServerApplicationContext : Refreshing org.springframework.boot.web.servlet.context.AnnotationConfigServletWebServerApplicationContext@e056f20: startup date [Thu Oct 18 08:16:19 CST 2018]; root of context hierarchy
2018-10-18 08:16:22.400  INFO 10340 --- [main] o.s.b.w.embedded.tomcat.TomcatWebServer  : Tomcat initialized with port(s): 8080 (http)
2018-10-18 08:16:22.447  INFO 10340 --- [main] o.apache.catalina.core.StandardService   : Starting service [Tomcat]
2018-10-18 08:16:22.448  INFO 10340 --- [main] org.apache.catalina.core.StandardEngine  : Starting Servlet Engine: Apache Tomcat/8.5.34
2018-10-18 08:16:22.465  INFO 10340 --- [localhost-startStop-1] o.a.catalina.core.AprLifecycleListener   : The APR based Apache Tomcat Native library which allows optimal performance in production environments was not found on the java.library.path: [C:\Program Files\Java\jdk1.8.0_101\bin;C:\WINDOWS\Sun\Java\bin;C:\WINDOWS\system32;C:\WINDOWS;C:\ProgramData\Oracle\Java\javapath;C:\Windows\system32;C:\Windows;C:\Windows\System32\Wbem;C:\Windows\System32\WindowsPowerShell\v1.0\;C:\Program Files (x86)\NVIDIA Corporation\PhysX\Common;C:\Program Files\Intel\WiFi\bin\;C:\Program Files\Common Files\Intel\WirelessCommon\;C:\Program Files\nodejs\;C:\Program Files\Java\jdk1.8.0_101\bin;"C:\Program Files\Java\jdk1.8.0_101\jre\bin;";C:\ruanjian\apache-maven-3.5.0\bin;C:\Program Files\TortoiseSVN\bin;C:\Program Files\MySQL\MySQL Server 8.0\bin;C:\Windows\System32;C:\WINDOWS\system32;C:\WINDOWS;C:\WINDOWS\System32\Wbem;C:\WINDOWS\System32\WindowsPowerShell\v1.0\;C:\WINDOWS\System32\OpenSSH\;C:\ruanjian\Git\cmd;C:\ruanjian\python3\Scripts\;C:\ruanjian\python3\;C:\Ruby22-x64\bin;C:\python27\Scripts;C:\Python27;C:\Users\应\AppData\Local\Microsoft\WindowsApps;C:\Users\应\AppData\Roaming\npm;;.]
2018-10-18 08:16:22.647  INFO 10340 --- [localhost-startStop-1] o.a.c.c.C.[Tomcat].[localhost].[/]       : Initializing Spring embedded WebApplicationContext
2018-10-18 08:16:22.648  INFO 10340 --- [localhost-startStop-1] o.s.web.context.ContextLoader            : Root WebApplicationContext: initialization completed in 2909 ms
2018-10-18 08:16:22.753  INFO 10340 --- [localhost-startStop-1] o.s.b.w.servlet.FilterRegistrationBean   : Mapping filter: 'characterEncodingFilter' to: [/*]
2018-10-18 08:16:22.756  INFO 10340 --- [localhost-startStop-1] o.s.b.w.servlet.FilterRegistrationBean   : Mapping filter: 'greeting' to urls: [/*]
2018-10-18 08:16:22.756  INFO 10340 --- [localhost-startStop-1] o.s.b.w.servlet.ServletRegistrationBean  : Servlet dispatcherServlet mapped to [/]
2018-10-18 08:16:23.539  INFO 10340 --- [main] s.w.s.m.m.a.RequestMappingHandlerMapping : Mapped "{[/visitor]}" onto public java.lang.String com.merck.controller.DataController.visitor()
2018-10-18 08:16:23.541  INFO 10340 --- [main] s.w.s.m.m.a.RequestMappingHandlerMapping : Mapped "{[/getDatas]}" onto public com.merck.common.Result<?> com.merck.controller.DataController.getDatas(com.merck.dao.domain.Data) throws java.lang.Exception
2018-10-18 08:16:23.542  INFO 10340 --- [main] s.w.s.m.m.a.RequestMappingHandlerMapping : Mapped "{[/addData]}" onto public com.merck.common.Result<?> com.merck.controller.DataController.addData(com.merck.dao.domain.Data) throws java.lang.Exception
2018-10-18 08:16:23.544  INFO 10340 --- [main] s.w.s.m.m.a.RequestMappingHandlerMapping : Mapped "{[/loginVerify]}" onto public java.lang.String com.merck.controller.LoginController.loginVerify(java.lang.String,java.lang.String,javax.servlet.http.HttpSession)
2018-10-18 08:16:23.546  INFO 10340 --- [main] s.w.s.m.m.a.RequestMappingHandlerMapping : Mapped "{[/login]}" onto public java.lang.String com.merck.controller.LoginController.login()
2018-10-18 08:16:23.554  INFO 10340 --- [main] s.w.s.m.m.a.RequestMappingHandlerMapping : Mapped "{[/error]}" onto public org.springframework.http.ResponseEntity<java.util.Map<java.lang.String, java.lang.Object>> org.springframework.boot.autoconfigure.web.servlet.error.BasicErrorController.error(javax.servlet.http.HttpServletRequest)
2018-10-18 08:16:23.555  INFO 10340 --- [main] s.w.s.m.m.a.RequestMappingHandlerMapping : Mapped "{[/error],produces=[text/html]}" onto public org.springframework.web.servlet.ModelAndView org.springframework.boot.autoconfigure.web.servlet.error.BasicErrorController.errorHtml(javax.servlet.http.HttpServletRequest,javax.servlet.http.HttpServletResponse)
2018-10-18 08:16:23.727  INFO 10340 --- [main] s.w.s.m.m.a.RequestMappingHandlerAdapter : Looking for @ControllerAdvice: org.springframework.boot.web.servlet.context.AnnotationConfigServletWebServerApplicationContext@e056f20: startup date [Thu Oct 18 08:16:19 CST 2018]; root of context hierarchy
2018-10-18 08:16:24.339  INFO 10340 --- [main] o.s.j.e.a.AnnotationMBeanExporter        : Registering beans for JMX exposure on startup
2018-10-18 08:16:24.341  INFO 10340 --- [main] o.s.j.e.a.AnnotationMBeanExporter        : Bean with name 'dataSource' has been autodetected for JMX exposure
2018-10-18 08:16:24.348  INFO 10340 --- [main] o.s.j.e.a.AnnotationMBeanExporter        : Located MBean 'dataSource': registering with JMX server as MBean [com.zaxxer.hikari:name=dataSource,type=HikariDataSource]
2018-10-18 08:16:24.412  INFO 10340 --- [main] o.s.b.w.embedded.tomcat.TomcatWebServer  : Tomcat started on port(s): 8080 (http) with context path ''
2018-10-18 08:16:24.416  INFO 10340 --- [main] com.merck.Application                    : Started Application in 5.656 seconds (JVM running for 6.199)
2018-10-18 08:16:51.938  INFO 10340 --- [http-nio-8080-exec-1] o.a.c.c.C.[Tomcat].[localhost].[/]       : Initializing Spring FrameworkServlet 'dispatcherServlet'
2018-10-18 08:16:51.939  INFO 10340 --- [http-nio-8080-exec-1] o.s.web.servlet.DispatcherServlet        : FrameworkServlet 'dispatcherServlet': initialization started
2018-10-18 08:16:51.964  INFO 10340 --- [http-nio-8080-exec-1] o.s.web.servlet.DispatcherServlet        : FrameworkServlet 'dispatcherServlet': initialization completed in 24 ms
2018-10-18 08:16:57.050  WARN 10340 --- [http-nio-8080-exec-3] o.s.web.servlet.PageNotFound             : No mapping found for HTTP request with URI [/logout] in DispatcherServlet with name 'dispatcherServlet'
2018-10-18 08:17:02.248  WARN 10340 --- [http-nio-8080-exec-5] o.s.web.servlet.PageNotFound             : No mapping found for HTTP request with URI [/css/style.css] in DispatcherServlet with name 'dispatcherServlet'
2018-10-18 08:17:02.254  WARN 10340 --- [http-nio-8080-exec-6] o.s.web.servlet.PageNotFound             : No mapping found for HTTP request with URI [/js/index.js] in DispatcherServlet with name 'dispatcherServlet'
2018-10-18 08:17:16.204  WARN 10340 --- [http-nio-8080-exec-7] o.s.web.servlet.PageNotFound             : No mapping found for HTTP request with URI [/css/style.css] in DispatcherServlet with name 'dispatcherServlet'
2018-10-18 08:18:53.067  WARN 10340 --- [http-nio-8080-exec-1] o.s.web.servlet.PageNotFound             : No mapping found for HTTP request with URI [/css/style.css] in DispatcherServlet with name 'dispatcherServlet'
2018-10-18 08:18:53.806  WARN 10340 --- [http-nio-8080-exec-2] o.s.web.servlet.PageNotFound             : No mapping found for HTTP request with URI [/favicon.ico] in DispatcherServlet with name 'dispatcherServlet'
2018-10-18 08:18:57.919  WARN 10340 --- [http-nio-8080-exec-4] o.s.web.servlet.PageNotFound             : No mapping found for HTTP request with URI [/css/style.css] in DispatcherServlet with name 'dispatcherServlet'
2018-10-18 08:18:57.930  WARN 10340 --- [http-nio-8080-exec-6] o.s.web.servlet.PageNotFound             : No mapping found for HTTP request with URI [/js/index.js] in DispatcherServlet with name 'dispatcherServlet'
2018-10-18 08:20:21.722  WARN 10340 --- [http-nio-8080-exec-10] o.s.web.servlet.PageNotFound             : No mapping found for HTTP request with URI [/js/index.js] in DispatcherServlet with name 'dispatcherServlet'
2018-10-18 08:20:21.729  WARN 10340 --- [http-nio-8080-exec-9] o.s.web.servlet.PageNotFound             : No mapping found for HTTP request with URI [/css/style.css] in DispatcherServlet with name 'dispatcherServlet'
2018-10-18 08:21:05.691  WARN 10340 --- [http-nio-8080-exec-3] o.s.web.servlet.PageNotFound             : No mapping found for HTTP request with URI [/css/style.css] in DispatcherServlet with name 'dispatcherServlet'
2018-10-18 08:21:05.694  WARN 10340 --- [http-nio-8080-exec-4] o.s.web.servlet.PageNotFound             : No mapping found for HTTP request with URI [/js/index.js] in DispatcherServlet with name 'dispatcherServlet'
2018-10-18 08:21:08.073  WARN 10340 --- [http-nio-8080-exec-5] o.s.web.servlet.PageNotFound             : No mapping found for HTTP request with URI [/css/style.css] in DispatcherServlet with name 'dispatcherServlet'
2018-10-18 08:21:08.079  WARN 10340 --- [http-nio-8080-exec-7] o.s.web.servlet.PageNotFound             : No mapping found for HTTP request with URI [/js/index.js] in DispatcherServlet with name 'dispatcherServlet'
2018-10-18 08:21:08.734  WARN 10340 --- [http-nio-8080-exec-9] o.s.web.servlet.PageNotFound             : No mapping found for HTTP request with URI [/js/index.js] in DispatcherServlet with name 'dispatcherServlet'
2018-10-18 08:21:08.732  WARN 10340 --- [http-nio-8080-exec-10] o.s.web.servlet.PageNotFound             : No mapping found for HTTP request with URI [/css/style.css] in DispatcherServlet with name 'dispatcherServlet'
2018-10-18 08:22:34.955  INFO 14304 --- [main] com.merck.Application                    : Starting Application on DESKTOP-KFHNQDV with PID 14304 (started by 应 in C:\github\codeRep\Java\sping boot\merckActrl)
2018-10-18 08:22:34.963  INFO 14304 --- [main] com.merck.Application                    : No active profile set, falling back to default profiles: default
2018-10-18 08:22:35.074  INFO 14304 --- [main] ConfigServletWebServerApplicationContext : Refreshing org.springframework.boot.web.servlet.context.AnnotationConfigServletWebServerApplicationContext@654f0d9c: startup date [Thu Oct 18 08:22:35 CST 2018]; root of context hierarchy
2018-10-18 08:22:37.531  INFO 14304 --- [main] o.s.b.w.embedded.tomcat.TomcatWebServer  : Tomcat initialized with port(s): 8080 (http)
2018-10-18 08:22:37.572  INFO 14304 --- [main] o.apache.catalina.core.StandardService   : Starting service [Tomcat]
2018-10-18 08:22:37.573  INFO 14304 --- [main] org.apache.catalina.core.StandardEngine  : Starting Servlet Engine: Apache Tomcat/8.5.34
2018-10-18 08:22:37.608  INFO 14304 --- [localhost-startStop-1] o.a.catalina.core.AprLifecycleListener   : The APR based Apache Tomcat Native library which allows optimal performance in production environments was not found on the java.library.path: [C:\Program Files\Java\jdk1.8.0_101\bin;C:\WINDOWS\Sun\Java\bin;C:\WINDOWS\system32;C:\WINDOWS;C:\ProgramData\Oracle\Java\javapath;C:\Windows\system32;C:\Windows;C:\Windows\System32\Wbem;C:\Windows\System32\WindowsPowerShell\v1.0\;C:\Program Files (x86)\NVIDIA Corporation\PhysX\Common;C:\Program Files\Intel\WiFi\bin\;C:\Program Files\Common Files\Intel\WirelessCommon\;C:\Program Files\nodejs\;C:\Program Files\Java\jdk1.8.0_101\bin;"C:\Program Files\Java\jdk1.8.0_101\jre\bin;";C:\ruanjian\apache-maven-3.5.0\bin;C:\Program Files\TortoiseSVN\bin;C:\Program Files\MySQL\MySQL Server 8.0\bin;C:\Windows\System32;C:\WINDOWS\system32;C:\WINDOWS;C:\WINDOWS\System32\Wbem;C:\WINDOWS\System32\WindowsPowerShell\v1.0\;C:\WINDOWS\System32\OpenSSH\;C:\ruanjian\Git\cmd;C:\ruanjian\python3\Scripts\;C:\ruanjian\python3\;C:\Ruby22-x64\bin;C:\python27\Scripts;C:\Python27;C:\Users\应\AppData\Local\Microsoft\WindowsApps;C:\Users\应\AppData\Roaming\npm;;.]
2018-10-18 08:22:37.784  INFO 14304 --- [localhost-startStop-1] o.a.c.c.C.[Tomcat].[localhost].[/]       : Initializing Spring embedded WebApplicationContext
2018-10-18 08:22:37.786  INFO 14304 --- [localhost-startStop-1] o.s.web.context.ContextLoader            : Root WebApplicationContext: initialization completed in 2712 ms
2018-10-18 08:22:37.863  INFO 14304 --- [localhost-startStop-1] o.s.b.w.servlet.FilterRegistrationBean   : Mapping filter: 'characterEncodingFilter' to: [/*]
2018-10-18 08:22:37.864  INFO 14304 --- [localhost-startStop-1] o.s.b.w.servlet.FilterRegistrationBean   : Mapping filter: 'greeting' to urls: [/*]
2018-10-18 08:22:37.865  INFO 14304 --- [localhost-startStop-1] o.s.b.w.servlet.ServletRegistrationBean  : Servlet dispatcherServlet mapped to [/]
2018-10-18 08:22:38.560  INFO 14304 --- [main] s.w.s.m.m.a.RequestMappingHandlerMapping : Mapped "{[/visitor]}" onto public java.lang.String com.merck.controller.DataController.visitor()
2018-10-18 08:22:38.562  INFO 14304 --- [main] s.w.s.m.m.a.RequestMappingHandlerMapping : Mapped "{[/addData]}" onto public com.merck.common.Result<?> com.merck.controller.DataController.addData(com.merck.dao.domain.Data) throws java.lang.Exception
2018-10-18 08:22:38.562  INFO 14304 --- [main] s.w.s.m.m.a.RequestMappingHandlerMapping : Mapped "{[/getDatas]}" onto public com.merck.common.Result<?> com.merck.controller.DataController.getDatas(com.merck.dao.domain.Data) throws java.lang.Exception
2018-10-18 08:22:38.564  INFO 14304 --- [main] s.w.s.m.m.a.RequestMappingHandlerMapping : Mapped "{[/login]}" onto public java.lang.String com.merck.controller.LoginController.login()
2018-10-18 08:22:38.565  INFO 14304 --- [main] s.w.s.m.m.a.RequestMappingHandlerMapping : Mapped "{[/loginVerify]}" onto public java.lang.String com.merck.controller.LoginController.loginVerify(java.lang.String,java.lang.String,javax.servlet.http.HttpSession)
2018-10-18 08:22:38.574  INFO 14304 --- [main] s.w.s.m.m.a.RequestMappingHandlerMapping : Mapped "{[/error]}" onto public org.springframework.http.ResponseEntity<java.util.Map<java.lang.String, java.lang.Object>> org.springframework.boot.autoconfigure.web.servlet.error.BasicErrorController.error(javax.servlet.http.HttpServletRequest)
2018-10-18 08:22:38.575  INFO 14304 --- [main] s.w.s.m.m.a.RequestMappingHandlerMapping : Mapped "{[/error],produces=[text/html]}" onto public org.springframework.web.servlet.ModelAndView org.springframework.boot.autoconfigure.web.servlet.error.BasicErrorController.errorHtml(javax.servlet.http.HttpServletRequest,javax.servlet.http.HttpServletResponse)
2018-10-18 08:22:38.643  INFO 14304 --- [main] o.s.w.s.handler.SimpleUrlHandlerMapping  : Mapped URL path [/static/**] onto handler of type [class org.springframework.web.servlet.resource.ResourceHttpRequestHandler]
2018-10-18 08:22:38.830  INFO 14304 --- [main] s.w.s.m.m.a.RequestMappingHandlerAdapter : Looking for @ControllerAdvice: org.springframework.boot.web.servlet.context.AnnotationConfigServletWebServerApplicationContext@654f0d9c: startup date [Thu Oct 18 08:22:35 CST 2018]; root of context hierarchy
2018-10-18 08:22:39.582  INFO 14304 --- [main] o.s.j.e.a.AnnotationMBeanExporter        : Registering beans for JMX exposure on startup
2018-10-18 08:22:39.585  INFO 14304 --- [main] o.s.j.e.a.AnnotationMBeanExporter        : Bean with name 'dataSource' has been autodetected for JMX exposure
2018-10-18 08:22:39.593  INFO 14304 --- [main] o.s.j.e.a.AnnotationMBeanExporter        : Located MBean 'dataSource': registering with JMX server as MBean [com.zaxxer.hikari:name=dataSource,type=HikariDataSource]
2018-10-18 08:22:39.651  INFO 14304 --- [main] o.s.b.w.embedded.tomcat.TomcatWebServer  : Tomcat started on port(s): 8080 (http) with context path ''
2018-10-18 08:22:39.657  INFO 14304 --- [main] com.merck.Application                    : Started Application in 5.34 seconds (JVM running for 5.919)
2018-10-18 08:22:46.637  INFO 14304 --- [http-nio-8080-exec-1] o.a.c.c.C.[Tomcat].[localhost].[/]       : Initializing Spring FrameworkServlet 'dispatcherServlet'
2018-10-18 08:22:46.638  INFO 14304 --- [http-nio-8080-exec-1] o.s.web.servlet.DispatcherServlet        : FrameworkServlet 'dispatcherServlet': initialization started
2018-10-18 08:22:46.672  INFO 14304 --- [http-nio-8080-exec-1] o.s.web.servlet.DispatcherServlet        : FrameworkServlet 'dispatcherServlet': initialization completed in 34 ms
2018-10-18 08:22:47.212  WARN 14304 --- [http-nio-8080-exec-3] o.s.web.servlet.PageNotFound             : No mapping found for HTTP request with URI [/js/index.js] in DispatcherServlet with name 'dispatcherServlet'
2018-10-18 08:22:47.213  WARN 14304 --- [http-nio-8080-exec-2] o.s.web.servlet.PageNotFound             : No mapping found for HTTP request with URI [/css/style.css] in DispatcherServlet with name 'dispatcherServlet'
2018-10-18 08:22:47.896  WARN 14304 --- [http-nio-8080-exec-4] o.s.web.servlet.PageNotFound             : No mapping found for HTTP request with URI [/js/index.js] in DispatcherServlet with name 'dispatcherServlet'
2018-10-18 08:22:51.287  WARN 14304 --- [http-nio-8080-exec-5] o.s.web.servlet.PageNotFound             : No mapping found for HTTP request with URI [/css/style.css] in DispatcherServlet with name 'dispatcherServlet'
2018-10-18 08:23:02.259  WARN 14304 --- [http-nio-8080-exec-8] o.s.web.servlet.PageNotFound             : No mapping found for HTTP request with URI [/css/style.css] in DispatcherServlet with name 'dispatcherServlet'
2018-10-18 08:23:02.269  WARN 14304 --- [http-nio-8080-exec-8] o.s.web.servlet.PageNotFound             : No mapping found for HTTP request with URI [/js/index.js] in DispatcherServlet with name 'dispatcherServlet'
2018-10-18 08:23:02.970  WARN 14304 --- [http-nio-8080-exec-10] o.s.web.servlet.PageNotFound             : No mapping found for HTTP request with URI [/js/index.js] in DispatcherServlet with name 'dispatcherServlet'
2018-10-18 08:23:26.885  WARN 14304 --- [http-nio-8080-exec-4] o.s.web.servlet.PageNotFound             : No mapping found for HTTP request with URI [/css/style.css] in DispatcherServlet with name 'dispatcherServlet'
2018-10-18 08:23:52.661  WARN 14304 --- [http-nio-8080-exec-7] o.s.web.servlet.PageNotFound             : No mapping found for HTTP request with URI [/console/tologin] in DispatcherServlet with name 'dispatcherServlet'
2018-10-18 08:24:12.062  WARN 14304 --- [http-nio-8080-exec-2] o.s.web.servlet.PageNotFound             : No mapping found for HTTP request with URI [/css/style.css] in DispatcherServlet with name 'dispatcherServlet'
2018-10-18 08:24:12.063  WARN 14304 --- [http-nio-8080-exec-1] o.s.web.servlet.PageNotFound             : No mapping found for HTTP request with URI [/js/index.js] in DispatcherServlet with name 'dispatcherServlet'
2018-10-18 08:24:15.545  WARN 14304 --- [http-nio-8080-exec-3] o.s.web.servlet.PageNotFound             : No mapping found for HTTP request with URI [/css/style.css] in DispatcherServlet with name 'dispatcherServlet'
2018-10-18 08:24:34.677  WARN 14304 --- [http-nio-8080-exec-7] o.s.web.servlet.PageNotFound             : No mapping found for HTTP request with URI [/js/index.js] in DispatcherServlet with name 'dispatcherServlet'
2018-10-18 08:24:34.685  WARN 14304 --- [http-nio-8080-exec-5] o.s.web.servlet.PageNotFound             : No mapping found for HTTP request with URI [/css/style.css] in DispatcherServlet with name 'dispatcherServlet'
2018-10-18 08:24:35.315  WARN 14304 --- [http-nio-8080-exec-6] o.s.web.servlet.PageNotFound             : No mapping found for HTTP request with URI [/js/index.js] in DispatcherServlet with name 'dispatcherServlet'
2018-10-18 08:25:24.518  WARN 14304 --- [http-nio-8080-exec-1] o.s.web.servlet.PageNotFound             : No mapping found for HTTP request with URI [/css/style.css] in DispatcherServlet with name 'dispatcherServlet'
2018-10-18 08:25:24.524  WARN 14304 --- [http-nio-8080-exec-3] o.s.web.servlet.PageNotFound             : No mapping found for HTTP request with URI [/js/index.js] in DispatcherServlet with name 'dispatcherServlet'
2018-10-18 08:25:27.198  WARN 14304 --- [http-nio-8080-exec-7] o.s.web.servlet.PageNotFound             : No mapping found for HTTP request with URI [/css/style.css] in DispatcherServlet with name 'dispatcherServlet'
2018-10-18 08:25:27.209  WARN 14304 --- [http-nio-8080-exec-7] o.s.web.servlet.PageNotFound             : No mapping found for HTTP request with URI [/js/index.js] in DispatcherServlet with name 'dispatcherServlet'
2018-10-18 08:25:38.093  WARN 14304 --- [http-nio-8080-exec-9] o.s.web.servlet.PageNotFound             : No mapping found for HTTP request with URI [/css/style.css] in DispatcherServlet with name 'dispatcherServlet'
2018-10-18 08:25:38.094  WARN 14304 --- [http-nio-8080-exec-2] o.s.web.servlet.PageNotFound             : No mapping found for HTTP request with URI [/js/index.js] in DispatcherServlet with name 'dispatcherServlet'
2018-10-18 08:26:04.456  INFO 16148 --- [main] com.merck.Application                    : Starting Application on DESKTOP-KFHNQDV with PID 16148 (started by 应 in C:\github\codeRep\Java\sping boot\merckActrl)
2018-10-18 08:26:04.472  INFO 16148 --- [main] com.merck.Application                    : No active profile set, falling back to default profiles: default
2018-10-18 08:26:04.585  INFO 16148 --- [main] ConfigServletWebServerApplicationContext : Refreshing org.springframework.boot.web.servlet.context.AnnotationConfigServletWebServerApplicationContext@6e4784bc: startup date [Thu Oct 18 08:26:04 CST 2018]; root of context hierarchy
2018-10-18 08:26:07.183  INFO 16148 --- [main] o.s.b.w.embedded.tomcat.TomcatWebServer  : Tomcat initialized with port(s): 8080 (http)
2018-10-18 08:26:07.227  INFO 16148 --- [main] o.apache.catalina.core.StandardService   : Starting service [Tomcat]
2018-10-18 08:26:07.228  INFO 16148 --- [main] org.apache.catalina.core.StandardEngine  : Starting Servlet Engine: Apache Tomcat/8.5.34
2018-10-18 08:26:07.245  INFO 16148 --- [localhost-startStop-1] o.a.catalina.core.AprLifecycleListener   : The APR based Apache Tomcat Native library which allows optimal performance in production environments was not found on the java.library.path: [C:\Program Files\Java\jdk1.8.0_101\bin;C:\WINDOWS\Sun\Java\bin;C:\WINDOWS\system32;C:\WINDOWS;C:\ProgramData\Oracle\Java\javapath;C:\Windows\system32;C:\Windows;C:\Windows\System32\Wbem;C:\Windows\System32\WindowsPowerShell\v1.0\;C:\Program Files (x86)\NVIDIA Corporation\PhysX\Common;C:\Program Files\Intel\WiFi\bin\;C:\Program Files\Common Files\Intel\WirelessCommon\;C:\Program Files\nodejs\;C:\Program Files\Java\jdk1.8.0_101\bin;"C:\Program Files\Java\jdk1.8.0_101\jre\bin;";C:\ruanjian\apache-maven-3.5.0\bin;C:\Program Files\TortoiseSVN\bin;C:\Program Files\MySQL\MySQL Server 8.0\bin;C:\Windows\System32;C:\WINDOWS\system32;C:\WINDOWS;C:\WINDOWS\System32\Wbem;C:\WINDOWS\System32\WindowsPowerShell\v1.0\;C:\WINDOWS\System32\OpenSSH\;C:\ruanjian\Git\cmd;C:\ruanjian\python3\Scripts\;C:\ruanjian\python3\;C:\Ruby22-x64\bin;C:\python27\Scripts;C:\Python27;C:\Users\应\AppData\Local\Microsoft\WindowsApps;C:\Users\应\AppData\Roaming\npm;;.]
2018-10-18 08:26:07.462  INFO 16148 --- [localhost-startStop-1] o.a.c.c.C.[Tomcat].[localhost].[/]       : Initializing Spring embedded WebApplicationContext
2018-10-18 08:26:07.463  INFO 16148 --- [localhost-startStop-1] o.s.web.context.ContextLoader            : Root WebApplicationContext: initialization completed in 2879 ms
2018-10-18 08:26:07.542  INFO 16148 --- [localhost-startStop-1] o.s.b.w.servlet.FilterRegistrationBean   : Mapping filter: 'characterEncodingFilter' to: [/*]
2018-10-18 08:26:07.543  INFO 16148 --- [localhost-startStop-1] o.s.b.w.servlet.FilterRegistrationBean   : Mapping filter: 'greeting' to urls: [/*]
2018-10-18 08:26:07.544  INFO 16148 --- [localhost-startStop-1] o.s.b.w.servlet.ServletRegistrationBean  : Servlet dispatcherServlet mapped to [/]
2018-10-18 08:26:08.264  INFO 16148 --- [main] s.w.s.m.m.a.RequestMappingHandlerMapping : Mapped "{[/visitor]}" onto public java.lang.String com.merck.controller.DataController.visitor()
2018-10-18 08:26:08.266  INFO 16148 --- [main] s.w.s.m.m.a.RequestMappingHandlerMapping : Mapped "{[/addData]}" onto public com.merck.common.Result<?> com.merck.controller.DataController.addData(com.merck.dao.domain.Data) throws java.lang.Exception
2018-10-18 08:26:08.267  INFO 16148 --- [main] s.w.s.m.m.a.RequestMappingHandlerMapping : Mapped "{[/getDatas]}" onto public com.merck.common.Result<?> com.merck.controller.DataController.getDatas(com.merck.dao.domain.Data) throws java.lang.Exception
2018-10-18 08:26:08.270  INFO 16148 --- [main] s.w.s.m.m.a.RequestMappingHandlerMapping : Mapped "{[/login]}" onto public java.lang.String com.merck.controller.LoginController.login()
2018-10-18 08:26:08.272  INFO 16148 --- [main] s.w.s.m.m.a.RequestMappingHandlerMapping : Mapped "{[/loginVerify]}" onto public java.lang.String com.merck.controller.LoginController.loginVerify(java.lang.String,java.lang.String,javax.servlet.http.HttpSession)
2018-10-18 08:26:08.286  INFO 16148 --- [main] s.w.s.m.m.a.RequestMappingHandlerMapping : Mapped "{[/error]}" onto public org.springframework.http.ResponseEntity<java.util.Map<java.lang.String, java.lang.Object>> org.springframework.boot.autoconfigure.web.servlet.error.BasicErrorController.error(javax.servlet.http.HttpServletRequest)
2018-10-18 08:26:08.287  INFO 16148 --- [main] s.w.s.m.m.a.RequestMappingHandlerMapping : Mapped "{[/error],produces=[text/html]}" onto public org.springframework.web.servlet.ModelAndView org.springframework.boot.autoconfigure.web.servlet.error.BasicErrorController.errorHtml(javax.servlet.http.HttpServletRequest,javax.servlet.http.HttpServletResponse)
2018-10-18 08:26:08.368  INFO 16148 --- [main] o.s.w.s.handler.SimpleUrlHandlerMapping  : Mapped URL path [/static/**] onto handler of type [class org.springframework.web.servlet.resource.ResourceHttpRequestHandler]
2018-10-18 08:26:08.460  INFO 16148 --- [main] s.w.s.m.m.a.RequestMappingHandlerAdapter : Looking for @ControllerAdvice: org.springframework.boot.web.servlet.context.AnnotationConfigServletWebServerApplicationContext@6e4784bc: startup date [Thu Oct 18 08:26:04 CST 2018]; root of context hierarchy
2018-10-18 08:26:09.093  INFO 16148 --- [main] o.s.j.e.a.AnnotationMBeanExporter        : Registering beans for JMX exposure on startup
2018-10-18 08:26:09.096  INFO 16148 --- [main] o.s.j.e.a.AnnotationMBeanExporter        : Bean with name 'dataSource' has been autodetected for JMX exposure
2018-10-18 08:26:09.103  INFO 16148 --- [main] o.s.j.e.a.AnnotationMBeanExporter        : Located MBean 'dataSource': registering with JMX server as MBean [com.zaxxer.hikari:name=dataSource,type=HikariDataSource]
2018-10-18 08:26:09.155  INFO 16148 --- [main] o.s.b.w.embedded.tomcat.TomcatWebServer  : Tomcat started on port(s): 8080 (http) with context path ''
2018-10-18 08:26:09.160  INFO 16148 --- [main] com.merck.Application                    : Started Application in 5.349 seconds (JVM running for 6.061)
2018-10-18 08:26:15.186  INFO 16148 --- [http-nio-8080-exec-1] o.a.c.c.C.[Tomcat].[localhost].[/]       : Initializing Spring FrameworkServlet 'dispatcherServlet'
2018-10-18 08:26:15.187  INFO 16148 --- [http-nio-8080-exec-1] o.s.web.servlet.DispatcherServlet        : FrameworkServlet 'dispatcherServlet': initialization started
2018-10-18 08:26:15.229  INFO 16148 --- [http-nio-8080-exec-1] o.s.web.servlet.DispatcherServlet        : FrameworkServlet 'dispatcherServlet': initialization completed in 41 ms
2018-10-18 08:29:38.804  INFO 8608 --- [main] com.merck.Application                    : Starting Application on DESKTOP-KFHNQDV with PID 8608 (started by 应 in C:\github\codeRep\Java\sping boot\merckActrl)
2018-10-18 08:29:38.814  INFO 8608 --- [main] com.merck.Application                    : No active profile set, falling back to default profiles: default
2018-10-18 08:29:38.916  INFO 8608 --- [main] ConfigServletWebServerApplicationContext : Refreshing org.springframework.boot.web.servlet.context.AnnotationConfigServletWebServerApplicationContext@10e41621: startup date [Thu Oct 18 08:29:38 CST 2018]; root of context hierarchy
2018-10-18 08:29:41.263  INFO 8608 --- [main] o.s.b.w.embedded.tomcat.TomcatWebServer  : Tomcat initialized with port(s): 8080 (http)
2018-10-18 08:29:41.303  INFO 8608 --- [main] o.apache.catalina.core.StandardService   : Starting service [Tomcat]
2018-10-18 08:29:41.303  INFO 8608 --- [main] org.apache.catalina.core.StandardEngine  : Starting Servlet Engine: Apache Tomcat/8.5.34
2018-10-18 08:29:41.322  INFO 8608 --- [localhost-startStop-1] o.a.catalina.core.AprLifecycleListener   : The APR based Apache Tomcat Native library which allows optimal performance in production environments was not found on the java.library.path: [C:\Program Files\Java\jdk1.8.0_101\bin;C:\WINDOWS\Sun\Java\bin;C:\WINDOWS\system32;C:\WINDOWS;C:\ProgramData\Oracle\Java\javapath;C:\Windows\system32;C:\Windows;C:\Windows\System32\Wbem;C:\Windows\System32\WindowsPowerShell\v1.0\;C:\Program Files (x86)\NVIDIA Corporation\PhysX\Common;C:\Program Files\Intel\WiFi\bin\;C:\Program Files\Common Files\Intel\WirelessCommon\;C:\Program Files\nodejs\;C:\Program Files\Java\jdk1.8.0_101\bin;"C:\Program Files\Java\jdk1.8.0_101\jre\bin;";C:\ruanjian\apache-maven-3.5.0\bin;C:\Program Files\TortoiseSVN\bin;C:\Program Files\MySQL\MySQL Server 8.0\bin;C:\Windows\System32;C:\WINDOWS\system32;C:\WINDOWS;C:\WINDOWS\System32\Wbem;C:\WINDOWS\System32\WindowsPowerShell\v1.0\;C:\WINDOWS\System32\OpenSSH\;C:\ruanjian\Git\cmd;C:\ruanjian\python3\Scripts\;C:\ruanjian\python3\;C:\Ruby22-x64\bin;C:\python27\Scripts;C:\Python27;C:\Users\应\AppData\Local\Microsoft\WindowsApps;C:\Users\应\AppData\Roaming\npm;;.]
2018-10-18 08:29:41.496  INFO 8608 --- [localhost-startStop-1] o.a.c.c.C.[Tomcat].[localhost].[/]       : Initializing Spring embedded WebApplicationContext
2018-10-18 08:29:41.497  INFO 8608 --- [localhost-startStop-1] o.s.web.context.ContextLoader            : Root WebApplicationContext: initialization completed in 2581 ms
2018-10-18 08:29:41.592  INFO 8608 --- [localhost-startStop-1] o.s.b.w.servlet.FilterRegistrationBean   : Mapping filter: 'characterEncodingFilter' to: [/*]
2018-10-18 08:29:41.593  INFO 8608 --- [localhost-startStop-1] o.s.b.w.servlet.FilterRegistrationBean   : Mapping filter: 'greeting' to urls: [/*]
2018-10-18 08:29:41.594  INFO 8608 --- [localhost-startStop-1] o.s.b.w.servlet.ServletRegistrationBean  : Servlet dispatcherServlet mapped to [/]
2018-10-18 08:29:42.319  INFO 8608 --- [main] s.w.s.m.m.a.RequestMappingHandlerMapping : Mapped "{[/visitor]}" onto public java.lang.String com.merck.controller.DataController.visitor()
2018-10-18 08:29:42.321  INFO 8608 --- [main] s.w.s.m.m.a.RequestMappingHandlerMapping : Mapped "{[/addData]}" onto public com.merck.common.Result<?> com.merck.controller.DataController.addData(com.merck.dao.domain.Data) throws java.lang.Exception
2018-10-18 08:29:42.322  INFO 8608 --- [main] s.w.s.m.m.a.RequestMappingHandlerMapping : Mapped "{[/getDatas]}" onto public com.merck.common.Result<?> com.merck.controller.DataController.getDatas(com.merck.dao.domain.Data) throws java.lang.Exception
2018-10-18 08:29:42.323  INFO 8608 --- [main] s.w.s.m.m.a.RequestMappingHandlerMapping : Mapped "{[/loginVerify]}" onto public java.lang.String com.merck.controller.LoginController.loginVerify(java.lang.String,java.lang.String,javax.servlet.http.HttpSession)
2018-10-18 08:29:42.324  INFO 8608 --- [main] s.w.s.m.m.a.RequestMappingHandlerMapping : Mapped "{[/login]}" onto public java.lang.String com.merck.controller.LoginController.login()
2018-10-18 08:29:42.335  INFO 8608 --- [main] s.w.s.m.m.a.RequestMappingHandlerMapping : Mapped "{[/error]}" onto public org.springframework.http.ResponseEntity<java.util.Map<java.lang.String, java.lang.Object>> org.springframework.boot.autoconfigure.web.servlet.error.BasicErrorController.error(javax.servlet.http.HttpServletRequest)
2018-10-18 08:29:42.337  INFO 8608 --- [main] s.w.s.m.m.a.RequestMappingHandlerMapping : Mapped "{[/error],produces=[text/html]}" onto public org.springframework.web.servlet.ModelAndView org.springframework.boot.autoconfigure.web.servlet.error.BasicErrorController.errorHtml(javax.servlet.http.HttpServletRequest,javax.servlet.http.HttpServletResponse)
2018-10-18 08:29:42.400  INFO 8608 --- [main] o.s.w.s.handler.SimpleUrlHandlerMapping  : Mapped URL path [/static/**] onto handler of type [class org.springframework.web.servlet.resource.ResourceHttpRequestHandler]
2018-10-18 08:29:42.493  INFO 8608 --- [main] s.w.s.m.m.a.RequestMappingHandlerAdapter : Looking for @ControllerAdvice: org.springframework.boot.web.servlet.context.AnnotationConfigServletWebServerApplicationContext@10e41621: startup date [Thu Oct 18 08:29:38 CST 2018]; root of context hierarchy
2018-10-18 08:29:43.120  INFO 8608 --- [main] o.s.j.e.a.AnnotationMBeanExporter        : Registering beans for JMX exposure on startup
2018-10-18 08:29:43.124  INFO 8608 --- [main] o.s.j.e.a.AnnotationMBeanExporter        : Bean with name 'dataSource' has been autodetected for JMX exposure
2018-10-18 08:29:43.137  INFO 8608 --- [main] o.s.j.e.a.AnnotationMBeanExporter        : Located MBean 'dataSource': registering with JMX server as MBean [com.zaxxer.hikari:name=dataSource,type=HikariDataSource]
2018-10-18 08:29:43.195  INFO 8608 --- [main] o.s.b.w.embedded.tomcat.TomcatWebServer  : Tomcat started on port(s): 8080 (http) with context path ''
2018-10-18 08:29:43.199  INFO 8608 --- [main] com.merck.Application                    : Started Application in 5.014 seconds (JVM running for 5.594)
2018-10-18 08:29:48.912  INFO 8608 --- [http-nio-8080-exec-1] o.a.c.c.C.[Tomcat].[localhost].[/]       : Initializing Spring FrameworkServlet 'dispatcherServlet'
2018-10-18 08:29:48.913  INFO 8608 --- [http-nio-8080-exec-1] o.s.web.servlet.DispatcherServlet        : FrameworkServlet 'dispatcherServlet': initialization started
2018-10-18 08:29:48.943  INFO 8608 --- [http-nio-8080-exec-1] o.s.web.servlet.DispatcherServlet        : FrameworkServlet 'dispatcherServlet': initialization completed in 30 ms
2018-10-18 08:30:42.994  INFO 13500 --- [main] com.merck.Application                    : Starting Application on DESKTOP-KFHNQDV with PID 13500 (started by 应 in C:\github\codeRep\Java\sping boot\merckActrl)
2018-10-18 08:30:43.009  INFO 13500 --- [main] com.merck.Application                    : No active profile set, falling back to default profiles: default
2018-10-18 08:30:43.124  INFO 13500 --- [main] ConfigServletWebServerApplicationContext : Refreshing org.springframework.boot.web.servlet.context.AnnotationConfigServletWebServerApplicationContext@64cd705f: startup date [Thu Oct 18 08:30:43 CST 2018]; root of context hierarchy
2018-10-18 08:30:45.566  INFO 13500 --- [main] o.s.b.w.embedded.tomcat.TomcatWebServer  : Tomcat initialized with port(s): 8080 (http)
2018-10-18 08:30:45.611  INFO 13500 --- [main] o.apache.catalina.core.StandardService   : Starting service [Tomcat]
2018-10-18 08:30:45.612  INFO 13500 --- [main] org.apache.catalina.core.StandardEngine  : Starting Servlet Engine: Apache Tomcat/8.5.34
2018-10-18 08:30:45.632  INFO 13500 --- [localhost-startStop-1] o.a.catalina.core.AprLifecycleListener   : The APR based Apache Tomcat Native library which allows optimal performance in production environments was not found on the java.library.path: [C:\Program Files\Java\jdk1.8.0_101\bin;C:\WINDOWS\Sun\Java\bin;C:\WINDOWS\system32;C:\WINDOWS;C:\ProgramData\Oracle\Java\javapath;C:\Windows\system32;C:\Windows;C:\Windows\System32\Wbem;C:\Windows\System32\WindowsPowerShell\v1.0\;C:\Program Files (x86)\NVIDIA Corporation\PhysX\Common;C:\Program Files\Intel\WiFi\bin\;C:\Program Files\Common Files\Intel\WirelessCommon\;C:\Program Files\nodejs\;C:\Program Files\Java\jdk1.8.0_101\bin;"C:\Program Files\Java\jdk1.8.0_101\jre\bin;";C:\ruanjian\apache-maven-3.5.0\bin;C:\Program Files\TortoiseSVN\bin;C:\Program Files\MySQL\MySQL Server 8.0\bin;C:\Windows\System32;C:\WINDOWS\system32;C:\WINDOWS;C:\WINDOWS\System32\Wbem;C:\WINDOWS\System32\WindowsPowerShell\v1.0\;C:\WINDOWS\System32\OpenSSH\;C:\ruanjian\Git\cmd;C:\ruanjian\python3\Scripts\;C:\ruanjian\python3\;C:\Ruby22-x64\bin;C:\python27\Scripts;C:\Python27;C:\Users\应\AppData\Local\Microsoft\WindowsApps;C:\Users\应\AppData\Roaming\npm;;.]
2018-10-18 08:30:45.800  INFO 13500 --- [localhost-startStop-1] o.a.c.c.C.[Tomcat].[localhost].[/]       : Initializing Spring embedded WebApplicationContext
2018-10-18 08:30:45.801  INFO 13500 --- [localhost-startStop-1] o.s.web.context.ContextLoader            : Root WebApplicationContext: initialization completed in 2677 ms
2018-10-18 08:30:45.909  INFO 13500 --- [localhost-startStop-1] o.s.b.w.servlet.FilterRegistrationBean   : Mapping filter: 'characterEncodingFilter' to: [/*]
2018-10-18 08:30:45.910  INFO 13500 --- [localhost-startStop-1] o.s.b.w.servlet.FilterRegistrationBean   : Mapping filter: 'greeting' to urls: [/*]
2018-10-18 08:30:45.910  INFO 13500 --- [localhost-startStop-1] o.s.b.w.servlet.ServletRegistrationBean  : Servlet dispatcherServlet mapped to [/]
2018-10-18 08:30:46.582  INFO 13500 --- [main] s.w.s.m.m.a.RequestMappingHandlerMapping : Mapped "{[/visitor]}" onto public java.lang.String com.merck.controller.DataController.visitor()
2018-10-18 08:30:46.585  INFO 13500 --- [main] s.w.s.m.m.a.RequestMappingHandlerMapping : Mapped "{[/addData]}" onto public com.merck.common.Result<?> com.merck.controller.DataController.addData(com.merck.dao.domain.Data) throws java.lang.Exception
2018-10-18 08:30:46.585  INFO 13500 --- [main] s.w.s.m.m.a.RequestMappingHandlerMapping : Mapped "{[/getDatas]}" onto public com.merck.common.Result<?> com.merck.controller.DataController.getDatas(com.merck.dao.domain.Data) throws java.lang.Exception
2018-10-18 08:30:46.586  INFO 13500 --- [main] s.w.s.m.m.a.RequestMappingHandlerMapping : Mapped "{[/loginVerify]}" onto public java.lang.String com.merck.controller.LoginController.loginVerify(java.lang.String,java.lang.String,javax.servlet.http.HttpSession)
2018-10-18 08:30:46.588  INFO 13500 --- [main] s.w.s.m.m.a.RequestMappingHandlerMapping : Mapped "{[/login]}" onto public java.lang.String com.merck.controller.LoginController.login()
2018-10-18 08:30:46.596  INFO 13500 --- [main] s.w.s.m.m.a.RequestMappingHandlerMapping : Mapped "{[/error]}" onto public org.springframework.http.ResponseEntity<java.util.Map<java.lang.String, java.lang.Object>> org.springframework.boot.autoconfigure.web.servlet.error.BasicErrorController.error(javax.servlet.http.HttpServletRequest)
2018-10-18 08:30:46.597  INFO 13500 --- [main] s.w.s.m.m.a.RequestMappingHandlerMapping : Mapped "{[/error],produces=[text/html]}" onto public org.springframework.web.servlet.ModelAndView org.springframework.boot.autoconfigure.web.servlet.error.BasicErrorController.errorHtml(javax.servlet.http.HttpServletRequest,javax.servlet.http.HttpServletResponse)
2018-10-18 08:30:46.663  INFO 13500 --- [main] o.s.w.s.handler.SimpleUrlHandlerMapping  : Mapped URL path [/static/**] onto handler of type [class org.springframework.web.servlet.resource.ResourceHttpRequestHandler]
2018-10-18 08:30:46.764  INFO 13500 --- [main] s.w.s.m.m.a.RequestMappingHandlerAdapter : Looking for @ControllerAdvice: org.springframework.boot.web.servlet.context.AnnotationConfigServletWebServerApplicationContext@64cd705f: startup date [Thu Oct 18 08:30:43 CST 2018]; root of context hierarchy
2018-10-18 08:30:47.468  INFO 13500 --- [main] o.s.j.e.a.AnnotationMBeanExporter        : Registering beans for JMX exposure on startup
2018-10-18 08:30:47.470  INFO 13500 --- [main] o.s.j.e.a.AnnotationMBeanExporter        : Bean with name 'dataSource' has been autodetected for JMX exposure
2018-10-18 08:30:47.477  INFO 13500 --- [main] o.s.j.e.a.AnnotationMBeanExporter        : Located MBean 'dataSource': registering with JMX server as MBean [com.zaxxer.hikari:name=dataSource,type=HikariDataSource]
2018-10-18 08:30:47.542  INFO 13500 --- [main] o.s.b.w.embedded.tomcat.TomcatWebServer  : Tomcat started on port(s): 8080 (http) with context path ''
2018-10-18 08:30:47.549  INFO 13500 --- [main] com.merck.Application                    : Started Application in 5.206 seconds (JVM running for 5.777)
2018-10-18 08:30:51.855  INFO 13500 --- [http-nio-8080-exec-1] o.a.c.c.C.[Tomcat].[localhost].[/]       : Initializing Spring FrameworkServlet 'dispatcherServlet'
2018-10-18 08:30:51.856  INFO 13500 --- [http-nio-8080-exec-1] o.s.web.servlet.DispatcherServlet        : FrameworkServlet 'dispatcherServlet': initialization started
2018-10-18 08:30:51.888  INFO 13500 --- [http-nio-8080-exec-1] o.s.web.servlet.DispatcherServlet        : FrameworkServlet 'dispatcherServlet': initialization completed in 31 ms
2018-10-18 08:32:27.560  INFO 1356 --- [main] com.merck.Application                    : Starting Application on DESKTOP-KFHNQDV with PID 1356 (started by 应 in C:\github\codeRep\Java\sping boot\merckActrl)
2018-10-18 08:32:27.571  INFO 1356 --- [main] com.merck.Application                    : No active profile set, falling back to default profiles: default
2018-10-18 08:32:27.674  INFO 1356 --- [main] ConfigServletWebServerApplicationContext : Refreshing org.springframework.boot.web.servlet.context.AnnotationConfigServletWebServerApplicationContext@48ae9b55: startup date [Thu Oct 18 08:32:27 CST 2018]; root of context hierarchy
2018-10-18 08:32:30.079  INFO 1356 --- [main] o.s.b.w.embedded.tomcat.TomcatWebServer  : Tomcat initialized with port(s): 8080 (http)
2018-10-18 08:32:30.122  INFO 1356 --- [main] o.apache.catalina.core.StandardService   : Starting service [Tomcat]
2018-10-18 08:32:30.122  INFO 1356 --- [main] org.apache.catalina.core.StandardEngine  : Starting Servlet Engine: Apache Tomcat/8.5.34
2018-10-18 08:32:30.142  INFO 1356 --- [localhost-startStop-1] o.a.catalina.core.AprLifecycleListener   : The APR based Apache Tomcat Native library which allows optimal performance in production environments was not found on the java.library.path: [C:\Program Files\Java\jdk1.8.0_101\bin;C:\WINDOWS\Sun\Java\bin;C:\WINDOWS\system32;C:\WINDOWS;C:\ProgramData\Oracle\Java\javapath;C:\Windows\system32;C:\Windows;C:\Windows\System32\Wbem;C:\Windows\System32\WindowsPowerShell\v1.0\;C:\Program Files (x86)\NVIDIA Corporation\PhysX\Common;C:\Program Files\Intel\WiFi\bin\;C:\Program Files\Common Files\Intel\WirelessCommon\;C:\Program Files\nodejs\;C:\Program Files\Java\jdk1.8.0_101\bin;"C:\Program Files\Java\jdk1.8.0_101\jre\bin;";C:\ruanjian\apache-maven-3.5.0\bin;C:\Program Files\TortoiseSVN\bin;C:\Program Files\MySQL\MySQL Server 8.0\bin;C:\Windows\System32;C:\WINDOWS\system32;C:\WINDOWS;C:\WINDOWS\System32\Wbem;C:\WINDOWS\System32\WindowsPowerShell\v1.0\;C:\WINDOWS\System32\OpenSSH\;C:\ruanjian\Git\cmd;C:\ruanjian\python3\Scripts\;C:\ruanjian\python3\;C:\Ruby22-x64\bin;C:\python27\Scripts;C:\Python27;C:\Users\应\AppData\Local\Microsoft\WindowsApps;C:\Users\应\AppData\Roaming\npm;;.]
2018-10-18 08:32:30.306  INFO 1356 --- [localhost-startStop-1] o.a.c.c.C.[Tomcat].[localhost].[/]       : Initializing Spring embedded WebApplicationContext
2018-10-18 08:32:30.307  INFO 1356 --- [localhost-startStop-1] o.s.web.context.ContextLoader            : Root WebApplicationContext: initialization completed in 2634 ms
2018-10-18 08:32:30.394  INFO 1356 --- [localhost-startStop-1] o.s.b.w.servlet.FilterRegistrationBean   : Mapping filter: 'characterEncodingFilter' to: [/*]
2018-10-18 08:32:30.395  INFO 1356 --- [localhost-startStop-1] o.s.b.w.servlet.FilterRegistrationBean   : Mapping filter: 'greeting' to urls: [/*]
2018-10-18 08:32:30.396  INFO 1356 --- [localhost-startStop-1] o.s.b.w.servlet.ServletRegistrationBean  : Servlet dispatcherServlet mapped to [/]
2018-10-18 08:32:31.139  INFO 1356 --- [main] s.w.s.m.m.a.RequestMappingHandlerMapping : Mapped "{[/visitor]}" onto public java.lang.String com.merck.controller.DataController.visitor()
2018-10-18 08:32:31.140  INFO 1356 --- [main] s.w.s.m.m.a.RequestMappingHandlerMapping : Mapped "{[/addData]}" onto public com.merck.common.Result<?> com.merck.controller.DataController.addData(com.merck.dao.domain.Data) throws java.lang.Exception
2018-10-18 08:32:31.141  INFO 1356 --- [main] s.w.s.m.m.a.RequestMappingHandlerMapping : Mapped "{[/getDatas]}" onto public com.merck.common.Result<?> com.merck.controller.DataController.getDatas(com.merck.dao.domain.Data) throws java.lang.Exception
2018-10-18 08:32:31.143  INFO 1356 --- [main] s.w.s.m.m.a.RequestMappingHandlerMapping : Mapped "{[/loginVerify]}" onto public java.lang.String com.merck.controller.LoginController.loginVerify(java.lang.String,java.lang.String,javax.servlet.http.HttpSession)
2018-10-18 08:32:31.145  INFO 1356 --- [main] s.w.s.m.m.a.RequestMappingHandlerMapping : Mapped "{[/login]}" onto public java.lang.String com.merck.controller.LoginController.login()
2018-10-18 08:32:31.153  INFO 1356 --- [main] s.w.s.m.m.a.RequestMappingHandlerMapping : Mapped "{[/error]}" onto public org.springframework.http.ResponseEntity<java.util.Map<java.lang.String, java.lang.Object>> org.springframework.boot.autoconfigure.web.servlet.error.BasicErrorController.error(javax.servlet.http.HttpServletRequest)
2018-10-18 08:32:31.156  INFO 1356 --- [main] s.w.s.m.m.a.RequestMappingHandlerMapping : Mapped "{[/error],produces=[text/html]}" onto public org.springframework.web.servlet.ModelAndView org.springframework.boot.autoconfigure.web.servlet.error.BasicErrorController.errorHtml(javax.servlet.http.HttpServletRequest,javax.servlet.http.HttpServletResponse)
2018-10-18 08:32:31.217  INFO 1356 --- [main] o.s.w.s.handler.SimpleUrlHandlerMapping  : Mapped URL path [/static/**] onto handler of type [class org.springframework.web.servlet.resource.ResourceHttpRequestHandler]
2018-10-18 08:32:31.315  INFO 1356 --- [main] s.w.s.m.m.a.RequestMappingHandlerAdapter : Looking for @ControllerAdvice: org.springframework.boot.web.servlet.context.AnnotationConfigServletWebServerApplicationContext@48ae9b55: startup date [Thu Oct 18 08:32:27 CST 2018]; root of context hierarchy
2018-10-18 08:32:31.932  INFO 1356 --- [main] o.s.j.e.a.AnnotationMBeanExporter        : Registering beans for JMX exposure on startup
2018-10-18 08:32:31.935  INFO 1356 --- [main] o.s.j.e.a.AnnotationMBeanExporter        : Bean with name 'dataSource' has been autodetected for JMX exposure
2018-10-18 08:32:31.941  INFO 1356 --- [main] o.s.j.e.a.AnnotationMBeanExporter        : Located MBean 'dataSource': registering with JMX server as MBean [com.zaxxer.hikari:name=dataSource,type=HikariDataSource]
2018-10-18 08:32:31.996  INFO 1356 --- [main] o.s.b.w.embedded.tomcat.TomcatWebServer  : Tomcat started on port(s): 8080 (http) with context path ''
2018-10-18 08:32:32.001  INFO 1356 --- [main] com.merck.Application                    : Started Application in 5.073 seconds (JVM running for 5.672)
2018-10-18 08:32:39.718  INFO 1356 --- [http-nio-8080-exec-1] o.a.c.c.C.[Tomcat].[localhost].[/]       : Initializing Spring FrameworkServlet 'dispatcherServlet'
2018-10-18 08:32:39.719  INFO 1356 --- [http-nio-8080-exec-1] o.s.web.servlet.DispatcherServlet        : FrameworkServlet 'dispatcherServlet': initialization started
2018-10-18 08:32:39.755  INFO 1356 --- [http-nio-8080-exec-1] o.s.web.servlet.DispatcherServlet        : FrameworkServlet 'dispatcherServlet': initialization completed in 35 ms
