2018-10-18 08:16:19.486 [main] INFO  com.merck.Application -Starting Application on DESKTOP-KFHNQDV with PID 10340 (started by 应 in C:\github\codeRep\Java\sping boot\merckActrl)
2018-10-18 08:16:19.505 [main] INFO  com.merck.Application -No active profile set, falling back to default profiles: default
2018-10-18 08:16:19.739 [main] INFO  o.s.b.w.s.c.AnnotationConfigServletWebServerApplicationContext -Refreshing org.springframework.boot.web.servlet.context.AnnotationConfigServletWebServerApplicationContext@e056f20: startup date [Thu Oct 18 08:16:19 CST 2018]; root of context hierarchy
2018-10-18 08:16:22.400 [main] INFO  o.s.b.w.e.tomcat.TomcatWebServer -Tomcat initialized with port(s): 8080 (http)
2018-10-18 08:16:22.447 [main] INFO  o.a.catalina.core.StandardService -Starting service [Tomcat]
2018-10-18 08:16:22.448 [main] INFO  o.a.catalina.core.StandardEngine -Starting Servlet Engine: Apache Tomcat/8.5.34
2018-10-18 08:16:22.465 [localhost-startStop-1] INFO  o.a.c.core.AprLifecycleListener -The APR based Apache Tomcat Native library which allows optimal performance in production environments was not found on the java.library.path: [C:\Program Files\Java\jdk1.8.0_101\bin;C:\WINDOWS\Sun\Java\bin;C:\WINDOWS\system32;C:\WINDOWS;C:\ProgramData\Oracle\Java\javapath;C:\Windows\system32;C:\Windows;C:\Windows\System32\Wbem;C:\Windows\System32\WindowsPowerShell\v1.0\;C:\Program Files (x86)\NVIDIA Corporation\PhysX\Common;C:\Program Files\Intel\WiFi\bin\;C:\Program Files\Common Files\Intel\WirelessCommon\;C:\Program Files\nodejs\;C:\Program Files\Java\jdk1.8.0_101\bin;"C:\Program Files\Java\jdk1.8.0_101\jre\bin;";C:\ruanjian\apache-maven-3.5.0\bin;C:\Program Files\TortoiseSVN\bin;C:\Program Files\MySQL\MySQL Server 8.0\bin;C:\Windows\System32;C:\WINDOWS\system32;C:\WINDOWS;C:\WINDOWS\System32\Wbem;C:\WINDOWS\System32\WindowsPowerShell\v1.0\;C:\WINDOWS\System32\OpenSSH\;C:\ruanjian\Git\cmd;C:\ruanjian\python3\Scripts\;C:\ruanjian\python3\;C:\Ruby22-x64\bin;C:\python27\Scripts;C:\Python27;C:\Users\应\AppData\Local\Microsoft\WindowsApps;C:\Users\应\AppData\Roaming\npm;;.]
2018-10-18 08:16:22.647 [localhost-startStop-1] INFO  o.a.c.c.C.[Tomcat].[localhost].[/] -Initializing Spring embedded WebApplicationContext
2018-10-18 08:16:22.648 [localhost-startStop-1] INFO  o.s.web.context.ContextLoader -Root WebApplicationContext: initialization completed in 2909 ms
2018-10-18 08:16:22.753 [localhost-startStop-1] INFO  o.s.b.w.s.FilterRegistrationBean -Mapping filter: 'characterEncodingFilter' to: [/*]
2018-10-18 08:16:22.756 [localhost-startStop-1] INFO  o.s.b.w.s.FilterRegistrationBean -Mapping filter: 'greeting' to urls: [/*]
2018-10-18 08:16:22.756 [localhost-startStop-1] INFO  o.s.b.w.s.ServletRegistrationBean -Servlet dispatcherServlet mapped to [/]
2018-10-18 08:16:23.539 [main] INFO  o.s.w.s.m.m.a.RequestMappingHandlerMapping -Mapped "{[/visitor]}" onto public java.lang.String com.merck.controller.DataController.visitor()
2018-10-18 08:16:23.541 [main] INFO  o.s.w.s.m.m.a.RequestMappingHandlerMapping -Mapped "{[/getDatas]}" onto public com.merck.common.Result<?> com.merck.controller.DataController.getDatas(com.merck.dao.domain.Data) throws java.lang.Exception
2018-10-18 08:16:23.542 [main] INFO  o.s.w.s.m.m.a.RequestMappingHandlerMapping -Mapped "{[/addData]}" onto public com.merck.common.Result<?> com.merck.controller.DataController.addData(com.merck.dao.domain.Data) throws java.lang.Exception
2018-10-18 08:16:23.544 [main] INFO  o.s.w.s.m.m.a.RequestMappingHandlerMapping -Mapped "{[/loginVerify]}" onto public java.lang.String com.merck.controller.LoginController.loginVerify(java.lang.String,java.lang.String,javax.servlet.http.HttpSession)
2018-10-18 08:16:23.546 [main] INFO  o.s.w.s.m.m.a.RequestMappingHandlerMapping -Mapped "{[/login]}" onto public java.lang.String com.merck.controller.LoginController.login()
2018-10-18 08:16:23.554 [main] INFO  o.s.w.s.m.m.a.RequestMappingHandlerMapping -Mapped "{[/error]}" onto public org.springframework.http.ResponseEntity<java.util.Map<java.lang.String, java.lang.Object>> org.springframework.boot.autoconfigure.web.servlet.error.BasicErrorController.error(javax.servlet.http.HttpServletRequest)
2018-10-18 08:16:23.555 [main] INFO  o.s.w.s.m.m.a.RequestMappingHandlerMapping -Mapped "{[/error],produces=[text/html]}" onto public org.springframework.web.servlet.ModelAndView org.springframework.boot.autoconfigure.web.servlet.error.BasicErrorController.errorHtml(javax.servlet.http.HttpServletRequest,javax.servlet.http.HttpServletResponse)
2018-10-18 08:16:23.727 [main] INFO  o.s.w.s.m.m.a.RequestMappingHandlerAdapter -Looking for @ControllerAdvice: org.springframework.boot.web.servlet.context.AnnotationConfigServletWebServerApplicationContext@e056f20: startup date [Thu Oct 18 08:16:19 CST 2018]; root of context hierarchy
2018-10-18 08:16:24.339 [main] INFO  o.s.j.e.a.AnnotationMBeanExporter -Registering beans for JMX exposure on startup
2018-10-18 08:16:24.341 [main] INFO  o.s.j.e.a.AnnotationMBeanExporter -Bean with name 'dataSource' has been autodetected for JMX exposure
2018-10-18 08:16:24.348 [main] INFO  o.s.j.e.a.AnnotationMBeanExporter -Located MBean 'dataSource': registering with JMX server as MBean [com.zaxxer.hikari:name=dataSource,type=HikariDataSource]
2018-10-18 08:16:24.412 [main] INFO  o.s.b.w.e.tomcat.TomcatWebServer -Tomcat started on port(s): 8080 (http) with context path ''
2018-10-18 08:16:24.416 [main] INFO  com.merck.Application -Started Application in 5.656 seconds (JVM running for 6.199)
2018-10-18 08:16:51.938 [http-nio-8080-exec-1] INFO  o.a.c.c.C.[Tomcat].[localhost].[/] -Initializing Spring FrameworkServlet 'dispatcherServlet'
2018-10-18 08:16:51.939 [http-nio-8080-exec-1] INFO  o.s.web.servlet.DispatcherServlet -FrameworkServlet 'dispatcherServlet': initialization started
2018-10-18 08:16:51.964 [http-nio-8080-exec-1] INFO  o.s.web.servlet.DispatcherServlet -FrameworkServlet 'dispatcherServlet': initialization completed in 24 ms
2018-10-18 08:16:57.050 [http-nio-8080-exec-3] WARN  o.s.web.servlet.PageNotFound -No mapping found for HTTP request with URI [/logout] in DispatcherServlet with name 'dispatcherServlet'
2018-10-18 08:17:02.248 [http-nio-8080-exec-5] WARN  o.s.web.servlet.PageNotFound -No mapping found for HTTP request with URI [/css/style.css] in DispatcherServlet with name 'dispatcherServlet'
2018-10-18 08:17:02.254 [http-nio-8080-exec-6] WARN  o.s.web.servlet.PageNotFound -No mapping found for HTTP request with URI [/js/index.js] in DispatcherServlet with name 'dispatcherServlet'
2018-10-18 08:17:16.204 [http-nio-8080-exec-7] WARN  o.s.web.servlet.PageNotFound -No mapping found for HTTP request with URI [/css/style.css] in DispatcherServlet with name 'dispatcherServlet'
2018-10-18 08:22:34.955 [main] INFO  com.merck.Application -Starting Application on DESKTOP-KFHNQDV with PID 14304 (started by 应 in C:\github\codeRep\Java\sping boot\merckActrl)
2018-10-18 08:22:34.963 [main] INFO  com.merck.Application -No active profile set, falling back to default profiles: default
2018-10-18 08:22:35.074 [main] INFO  o.s.b.w.s.c.AnnotationConfigServletWebServerApplicationContext -Refreshing org.springframework.boot.web.servlet.context.AnnotationConfigServletWebServerApplicationContext@654f0d9c: startup date [Thu Oct 18 08:22:35 CST 2018]; root of context hierarchy
2018-10-18 08:22:37.531 [main] INFO  o.s.b.w.e.tomcat.TomcatWebServer -Tomcat initialized with port(s): 8080 (http)
2018-10-18 08:22:37.572 [main] INFO  o.a.catalina.core.StandardService -Starting service [Tomcat]
2018-10-18 08:22:37.573 [main] INFO  o.a.catalina.core.StandardEngine -Starting Servlet Engine: Apache Tomcat/8.5.34
2018-10-18 08:22:37.608 [localhost-startStop-1] INFO  o.a.c.core.AprLifecycleListener -The APR based Apache Tomcat Native library which allows optimal performance in production environments was not found on the java.library.path: [C:\Program Files\Java\jdk1.8.0_101\bin;C:\WINDOWS\Sun\Java\bin;C:\WINDOWS\system32;C:\WINDOWS;C:\ProgramData\Oracle\Java\javapath;C:\Windows\system32;C:\Windows;C:\Windows\System32\Wbem;C:\Windows\System32\WindowsPowerShell\v1.0\;C:\Program Files (x86)\NVIDIA Corporation\PhysX\Common;C:\Program Files\Intel\WiFi\bin\;C:\Program Files\Common Files\Intel\WirelessCommon\;C:\Program Files\nodejs\;C:\Program Files\Java\jdk1.8.0_101\bin;"C:\Program Files\Java\jdk1.8.0_101\jre\bin;";C:\ruanjian\apache-maven-3.5.0\bin;C:\Program Files\TortoiseSVN\bin;C:\Program Files\MySQL\MySQL Server 8.0\bin;C:\Windows\System32;C:\WINDOWS\system32;C:\WINDOWS;C:\WINDOWS\System32\Wbem;C:\WINDOWS\System32\WindowsPowerShell\v1.0\;C:\WINDOWS\System32\OpenSSH\;C:\ruanjian\Git\cmd;C:\ruanjian\python3\Scripts\;C:\ruanjian\python3\;C:\Ruby22-x64\bin;C:\python27\Scripts;C:\Python27;C:\Users\应\AppData\Local\Microsoft\WindowsApps;C:\Users\应\AppData\Roaming\npm;;.]
2018-10-18 08:22:37.784 [localhost-startStop-1] INFO  o.a.c.c.C.[Tomcat].[localhost].[/] -Initializing Spring embedded WebApplicationContext
2018-10-18 08:22:37.786 [localhost-startStop-1] INFO  o.s.web.context.ContextLoader -Root WebApplicationContext: initialization completed in 2712 ms
2018-10-18 08:22:37.863 [localhost-startStop-1] INFO  o.s.b.w.s.FilterRegistrationBean -Mapping filter: 'characterEncodingFilter' to: [/*]
2018-10-18 08:22:37.864 [localhost-startStop-1] INFO  o.s.b.w.s.FilterRegistrationBean -Mapping filter: 'greeting' to urls: [/*]
2018-10-18 08:22:37.865 [localhost-startStop-1] INFO  o.s.b.w.s.ServletRegistrationBean -Servlet dispatcherServlet mapped to [/]
2018-10-18 08:22:38.560 [main] INFO  o.s.w.s.m.m.a.RequestMappingHandlerMapping -Mapped "{[/visitor]}" onto public java.lang.String com.merck.controller.DataController.visitor()
2018-10-18 08:22:38.562 [main] INFO  o.s.w.s.m.m.a.RequestMappingHandlerMapping -Mapped "{[/addData]}" onto public com.merck.common.Result<?> com.merck.controller.DataController.addData(com.merck.dao.domain.Data) throws java.lang.Exception
2018-10-18 08:22:38.562 [main] INFO  o.s.w.s.m.m.a.RequestMappingHandlerMapping -Mapped "{[/getDatas]}" onto public com.merck.common.Result<?> com.merck.controller.DataController.getDatas(com.merck.dao.domain.Data) throws java.lang.Exception
2018-10-18 08:22:38.564 [main] INFO  o.s.w.s.m.m.a.RequestMappingHandlerMapping -Mapped "{[/login]}" onto public java.lang.String com.merck.controller.LoginController.login()
2018-10-18 08:22:38.565 [main] INFO  o.s.w.s.m.m.a.RequestMappingHandlerMapping -Mapped "{[/loginVerify]}" onto public java.lang.String com.merck.controller.LoginController.loginVerify(java.lang.String,java.lang.String,javax.servlet.http.HttpSession)
2018-10-18 08:22:38.574 [main] INFO  o.s.w.s.m.m.a.RequestMappingHandlerMapping -Mapped "{[/error]}" onto public org.springframework.http.ResponseEntity<java.util.Map<java.lang.String, java.lang.Object>> org.springframework.boot.autoconfigure.web.servlet.error.BasicErrorController.error(javax.servlet.http.HttpServletRequest)
2018-10-18 08:22:38.575 [main] INFO  o.s.w.s.m.m.a.RequestMappingHandlerMapping -Mapped "{[/error],produces=[text/html]}" onto public org.springframework.web.servlet.ModelAndView org.springframework.boot.autoconfigure.web.servlet.error.BasicErrorController.errorHtml(javax.servlet.http.HttpServletRequest,javax.servlet.http.HttpServletResponse)
2018-10-18 08:22:38.643 [main] INFO  o.s.w.s.h.SimpleUrlHandlerMapping -Mapped URL path [/static/**] onto handler of type [class org.springframework.web.servlet.resource.ResourceHttpRequestHandler]
2018-10-18 08:22:38.830 [main] INFO  o.s.w.s.m.m.a.RequestMappingHandlerAdapter -Looking for @ControllerAdvice: org.springframework.boot.web.servlet.context.AnnotationConfigServletWebServerApplicationContext@654f0d9c: startup date [Thu Oct 18 08:22:35 CST 2018]; root of context hierarchy
2018-10-18 08:22:39.582 [main] INFO  o.s.j.e.a.AnnotationMBeanExporter -Registering beans for JMX exposure on startup
2018-10-18 08:22:39.585 [main] INFO  o.s.j.e.a.AnnotationMBeanExporter -Bean with name 'dataSource' has been autodetected for JMX exposure
2018-10-18 08:22:39.593 [main] INFO  o.s.j.e.a.AnnotationMBeanExporter -Located MBean 'dataSource': registering with JMX server as MBean [com.zaxxer.hikari:name=dataSource,type=HikariDataSource]
2018-10-18 08:22:39.651 [main] INFO  o.s.b.w.e.tomcat.TomcatWebServer -Tomcat started on port(s): 8080 (http) with context path ''
2018-10-18 08:22:39.657 [main] INFO  com.merck.Application -Started Application in 5.34 seconds (JVM running for 5.919)
2018-10-18 08:22:46.637 [http-nio-8080-exec-1] INFO  o.a.c.c.C.[Tomcat].[localhost].[/] -Initializing Spring FrameworkServlet 'dispatcherServlet'
2018-10-18 08:22:46.638 [http-nio-8080-exec-1] INFO  o.s.web.servlet.DispatcherServlet -FrameworkServlet 'dispatcherServlet': initialization started
2018-10-18 08:22:46.672 [http-nio-8080-exec-1] INFO  o.s.web.servlet.DispatcherServlet -FrameworkServlet 'dispatcherServlet': initialization completed in 34 ms
2018-10-18 08:22:47.212 [http-nio-8080-exec-3] WARN  o.s.web.servlet.PageNotFound -No mapping found for HTTP request with URI [/js/index.js] in DispatcherServlet with name 'dispatcherServlet'
2018-10-18 08:22:47.213 [http-nio-8080-exec-2] WARN  o.s.web.servlet.PageNotFound -No mapping found for HTTP request with URI [/css/style.css] in DispatcherServlet with name 'dispatcherServlet'
2018-10-18 08:22:47.896 [http-nio-8080-exec-4] WARN  o.s.web.servlet.PageNotFound -No mapping found for HTTP request with URI [/js/index.js] in DispatcherServlet with name 'dispatcherServlet'
2018-10-18 08:22:51.287 [http-nio-8080-exec-5] WARN  o.s.web.servlet.PageNotFound -No mapping found for HTTP request with URI [/css/style.css] in DispatcherServlet with name 'dispatcherServlet'
2018-10-18 08:23:02.259 [http-nio-8080-exec-8] WARN  o.s.web.servlet.PageNotFound -No mapping found for HTTP request with URI [/css/style.css] in DispatcherServlet with name 'dispatcherServlet'
2018-10-18 08:23:02.269 [http-nio-8080-exec-8] WARN  o.s.web.servlet.PageNotFound -No mapping found for HTTP request with URI [/js/index.js] in DispatcherServlet with name 'dispatcherServlet'
2018-10-18 08:23:02.970 [http-nio-8080-exec-10] WARN  o.s.web.servlet.PageNotFound -No mapping found for HTTP request with URI [/js/index.js] in DispatcherServlet with name 'dispatcherServlet'
2018-10-18 08:23:26.885 [http-nio-8080-exec-4] WARN  o.s.web.servlet.PageNotFound -No mapping found for HTTP request with URI [/css/style.css] in DispatcherServlet with name 'dispatcherServlet'
2018-10-18 08:23:52.661 [http-nio-8080-exec-7] WARN  o.s.web.servlet.PageNotFound -No mapping found for HTTP request with URI [/console/tologin] in DispatcherServlet with name 'dispatcherServlet'
2018-10-18 08:24:12.062 [http-nio-8080-exec-2] WARN  o.s.web.servlet.PageNotFound -No mapping found for HTTP request with URI [/css/style.css] in DispatcherServlet with name 'dispatcherServlet'
2018-10-18 08:24:12.063 [http-nio-8080-exec-1] WARN  o.s.web.servlet.PageNotFound -No mapping found for HTTP request with URI [/js/index.js] in DispatcherServlet with name 'dispatcherServlet'
2018-10-18 08:24:15.545 [http-nio-8080-exec-3] WARN  o.s.web.servlet.PageNotFound -No mapping found for HTTP request with URI [/css/style.css] in DispatcherServlet with name 'dispatcherServlet'
2018-10-18 08:24:34.677 [http-nio-8080-exec-7] WARN  o.s.web.servlet.PageNotFound -No mapping found for HTTP request with URI [/js/index.js] in DispatcherServlet with name 'dispatcherServlet'
2018-10-18 08:24:34.685 [http-nio-8080-exec-5] WARN  o.s.web.servlet.PageNotFound -No mapping found for HTTP request with URI [/css/style.css] in DispatcherServlet with name 'dispatcherServlet'
2018-10-18 08:24:35.315 [http-nio-8080-exec-6] WARN  o.s.web.servlet.PageNotFound -No mapping found for HTTP request with URI [/js/index.js] in DispatcherServlet with name 'dispatcherServlet'
2018-10-18 08:25:24.518 [http-nio-8080-exec-1] WARN  o.s.web.servlet.PageNotFound -No mapping found for HTTP request with URI [/css/style.css] in DispatcherServlet with name 'dispatcherServlet'
2018-10-18 08:25:24.524 [http-nio-8080-exec-3] WARN  o.s.web.servlet.PageNotFound -No mapping found for HTTP request with URI [/js/index.js] in DispatcherServlet with name 'dispatcherServlet'
2018-10-18 08:25:27.198 [http-nio-8080-exec-7] WARN  o.s.web.servlet.PageNotFound -No mapping found for HTTP request with URI [/css/style.css] in DispatcherServlet with name 'dispatcherServlet'
2018-10-18 08:25:27.209 [http-nio-8080-exec-7] WARN  o.s.web.servlet.PageNotFound -No mapping found for HTTP request with URI [/js/index.js] in DispatcherServlet with name 'dispatcherServlet'
2018-10-18 08:25:38.093 [http-nio-8080-exec-9] WARN  o.s.web.servlet.PageNotFound -No mapping found for HTTP request with URI [/css/style.css] in DispatcherServlet with name 'dispatcherServlet'
2018-10-18 08:25:38.094 [http-nio-8080-exec-2] WARN  o.s.web.servlet.PageNotFound -No mapping found for HTTP request with URI [/js/index.js] in DispatcherServlet with name 'dispatcherServlet'
2018-10-18 08:26:04.456 [main] INFO  com.merck.Application -Starting Application on DESKTOP-KFHNQDV with PID 16148 (started by 应 in C:\github\codeRep\Java\sping boot\merckActrl)
2018-10-18 08:26:04.472 [main] INFO  com.merck.Application -No active profile set, falling back to default profiles: default
2018-10-18 08:26:04.585 [main] INFO  o.s.b.w.s.c.AnnotationConfigServletWebServerApplicationContext -Refreshing org.springframework.boot.web.servlet.context.AnnotationConfigServletWebServerApplicationContext@6e4784bc: startup date [Thu Oct 18 08:26:04 CST 2018]; root of context hierarchy
2018-10-18 08:26:07.183 [main] INFO  o.s.b.w.e.tomcat.TomcatWebServer -Tomcat initialized with port(s): 8080 (http)
2018-10-18 08:26:07.227 [main] INFO  o.a.catalina.core.StandardService -Starting service [Tomcat]
2018-10-18 08:26:07.228 [main] INFO  o.a.catalina.core.StandardEngine -Starting Servlet Engine: Apache Tomcat/8.5.34
2018-10-18 08:26:07.245 [localhost-startStop-1] INFO  o.a.c.core.AprLifecycleListener -The APR based Apache Tomcat Native library which allows optimal performance in production environments was not found on the java.library.path: [C:\Program Files\Java\jdk1.8.0_101\bin;C:\WINDOWS\Sun\Java\bin;C:\WINDOWS\system32;C:\WINDOWS;C:\ProgramData\Oracle\Java\javapath;C:\Windows\system32;C:\Windows;C:\Windows\System32\Wbem;C:\Windows\System32\WindowsPowerShell\v1.0\;C:\Program Files (x86)\NVIDIA Corporation\PhysX\Common;C:\Program Files\Intel\WiFi\bin\;C:\Program Files\Common Files\Intel\WirelessCommon\;C:\Program Files\nodejs\;C:\Program Files\Java\jdk1.8.0_101\bin;"C:\Program Files\Java\jdk1.8.0_101\jre\bin;";C:\ruanjian\apache-maven-3.5.0\bin;C:\Program Files\TortoiseSVN\bin;C:\Program Files\MySQL\MySQL Server 8.0\bin;C:\Windows\System32;C:\WINDOWS\system32;C:\WINDOWS;C:\WINDOWS\System32\Wbem;C:\WINDOWS\System32\WindowsPowerShell\v1.0\;C:\WINDOWS\System32\OpenSSH\;C:\ruanjian\Git\cmd;C:\ruanjian\python3\Scripts\;C:\ruanjian\python3\;C:\Ruby22-x64\bin;C:\python27\Scripts;C:\Python27;C:\Users\应\AppData\Local\Microsoft\WindowsApps;C:\Users\应\AppData\Roaming\npm;;.]
2018-10-18 08:26:07.462 [localhost-startStop-1] INFO  o.a.c.c.C.[Tomcat].[localhost].[/] -Initializing Spring embedded WebApplicationContext
2018-10-18 08:26:07.463 [localhost-startStop-1] INFO  o.s.web.context.ContextLoader -Root WebApplicationContext: initialization completed in 2879 ms
2018-10-18 08:26:07.542 [localhost-startStop-1] INFO  o.s.b.w.s.FilterRegistrationBean -Mapping filter: 'characterEncodingFilter' to: [/*]
2018-10-18 08:26:07.543 [localhost-startStop-1] INFO  o.s.b.w.s.FilterRegistrationBean -Mapping filter: 'greeting' to urls: [/*]
2018-10-18 08:26:07.544 [localhost-startStop-1] INFO  o.s.b.w.s.ServletRegistrationBean -Servlet dispatcherServlet mapped to [/]
2018-10-18 08:26:08.264 [main] INFO  o.s.w.s.m.m.a.RequestMappingHandlerMapping -Mapped "{[/visitor]}" onto public java.lang.String com.merck.controller.DataController.visitor()
2018-10-18 08:26:08.266 [main] INFO  o.s.w.s.m.m.a.RequestMappingHandlerMapping -Mapped "{[/addData]}" onto public com.merck.common.Result<?> com.merck.controller.DataController.addData(com.merck.dao.domain.Data) throws java.lang.Exception
2018-10-18 08:26:08.267 [main] INFO  o.s.w.s.m.m.a.RequestMappingHandlerMapping -Mapped "{[/getDatas]}" onto public com.merck.common.Result<?> com.merck.controller.DataController.getDatas(com.merck.dao.domain.Data) throws java.lang.Exception
2018-10-18 08:26:08.270 [main] INFO  o.s.w.s.m.m.a.RequestMappingHandlerMapping -Mapped "{[/login]}" onto public java.lang.String com.merck.controller.LoginController.login()
2018-10-18 08:26:08.272 [main] INFO  o.s.w.s.m.m.a.RequestMappingHandlerMapping -Mapped "{[/loginVerify]}" onto public java.lang.String com.merck.controller.LoginController.loginVerify(java.lang.String,java.lang.String,javax.servlet.http.HttpSession)
2018-10-18 08:26:08.286 [main] INFO  o.s.w.s.m.m.a.RequestMappingHandlerMapping -Mapped "{[/error]}" onto public org.springframework.http.ResponseEntity<java.util.Map<java.lang.String, java.lang.Object>> org.springframework.boot.autoconfigure.web.servlet.error.BasicErrorController.error(javax.servlet.http.HttpServletRequest)
2018-10-18 08:26:08.287 [main] INFO  o.s.w.s.m.m.a.RequestMappingHandlerMapping -Mapped "{[/error],produces=[text/html]}" onto public org.springframework.web.servlet.ModelAndView org.springframework.boot.autoconfigure.web.servlet.error.BasicErrorController.errorHtml(javax.servlet.http.HttpServletRequest,javax.servlet.http.HttpServletResponse)
2018-10-18 08:26:08.368 [main] INFO  o.s.w.s.h.SimpleUrlHandlerMapping -Mapped URL path [/static/**] onto handler of type [class org.springframework.web.servlet.resource.ResourceHttpRequestHandler]
2018-10-18 08:26:08.460 [main] INFO  o.s.w.s.m.m.a.RequestMappingHandlerAdapter -Looking for @ControllerAdvice: org.springframework.boot.web.servlet.context.AnnotationConfigServletWebServerApplicationContext@6e4784bc: startup date [Thu Oct 18 08:26:04 CST 2018]; root of context hierarchy
2018-10-18 08:26:09.093 [main] INFO  o.s.j.e.a.AnnotationMBeanExporter -Registering beans for JMX exposure on startup
2018-10-18 08:26:09.096 [main] INFO  o.s.j.e.a.AnnotationMBeanExporter -Bean with name 'dataSource' has been autodetected for JMX exposure
2018-10-18 08:26:09.103 [main] INFO  o.s.j.e.a.AnnotationMBeanExporter -Located MBean 'dataSource': registering with JMX server as MBean [com.zaxxer.hikari:name=dataSource,type=HikariDataSource]
2018-10-18 08:26:09.155 [main] INFO  o.s.b.w.e.tomcat.TomcatWebServer -Tomcat started on port(s): 8080 (http) with context path ''
2018-10-18 08:26:09.160 [main] INFO  com.merck.Application -Started Application in 5.349 seconds (JVM running for 6.061)
2018-10-18 08:26:15.186 [http-nio-8080-exec-1] INFO  o.a.c.c.C.[Tomcat].[localhost].[/] -Initializing Spring FrameworkServlet 'dispatcherServlet'
2018-10-18 08:26:15.187 [http-nio-8080-exec-1] INFO  o.s.web.servlet.DispatcherServlet -FrameworkServlet 'dispatcherServlet': initialization started
2018-10-18 08:26:15.229 [http-nio-8080-exec-1] INFO  o.s.web.servlet.DispatcherServlet -FrameworkServlet 'dispatcherServlet': initialization completed in 41 ms
2018-10-18 08:29:38.804 [main] INFO  com.merck.Application -Starting Application on DESKTOP-KFHNQDV with PID 8608 (started by 应 in C:\github\codeRep\Java\sping boot\merckActrl)
2018-10-18 08:29:38.814 [main] INFO  com.merck.Application -No active profile set, falling back to default profiles: default
2018-10-18 08:29:38.916 [main] INFO  o.s.b.w.s.c.AnnotationConfigServletWebServerApplicationContext -Refreshing org.springframework.boot.web.servlet.context.AnnotationConfigServletWebServerApplicationContext@10e41621: startup date [Thu Oct 18 08:29:38 CST 2018]; root of context hierarchy
2018-10-18 08:29:41.263 [main] INFO  o.s.b.w.e.tomcat.TomcatWebServer -Tomcat initialized with port(s): 8080 (http)
2018-10-18 08:29:41.303 [main] INFO  o.a.catalina.core.StandardService -Starting service [Tomcat]
2018-10-18 08:29:41.303 [main] INFO  o.a.catalina.core.StandardEngine -Starting Servlet Engine: Apache Tomcat/8.5.34
2018-10-18 08:29:41.322 [localhost-startStop-1] INFO  o.a.c.core.AprLifecycleListener -The APR based Apache Tomcat Native library which allows optimal performance in production environments was not found on the java.library.path: [C:\Program Files\Java\jdk1.8.0_101\bin;C:\WINDOWS\Sun\Java\bin;C:\WINDOWS\system32;C:\WINDOWS;C:\ProgramData\Oracle\Java\javapath;C:\Windows\system32;C:\Windows;C:\Windows\System32\Wbem;C:\Windows\System32\WindowsPowerShell\v1.0\;C:\Program Files (x86)\NVIDIA Corporation\PhysX\Common;C:\Program Files\Intel\WiFi\bin\;C:\Program Files\Common Files\Intel\WirelessCommon\;C:\Program Files\nodejs\;C:\Program Files\Java\jdk1.8.0_101\bin;"C:\Program Files\Java\jdk1.8.0_101\jre\bin;";C:\ruanjian\apache-maven-3.5.0\bin;C:\Program Files\TortoiseSVN\bin;C:\Program Files\MySQL\MySQL Server 8.0\bin;C:\Windows\System32;C:\WINDOWS\system32;C:\WINDOWS;C:\WINDOWS\System32\Wbem;C:\WINDOWS\System32\WindowsPowerShell\v1.0\;C:\WINDOWS\System32\OpenSSH\;C:\ruanjian\Git\cmd;C:\ruanjian\python3\Scripts\;C:\ruanjian\python3\;C:\Ruby22-x64\bin;C:\python27\Scripts;C:\Python27;C:\Users\应\AppData\Local\Microsoft\WindowsApps;C:\Users\应\AppData\Roaming\npm;;.]
2018-10-18 08:29:41.496 [localhost-startStop-1] INFO  o.a.c.c.C.[Tomcat].[localhost].[/] -Initializing Spring embedded WebApplicationContext
2018-10-18 08:29:41.497 [localhost-startStop-1] INFO  o.s.web.context.ContextLoader -Root WebApplicationContext: initialization completed in 2581 ms
2018-10-18 08:29:41.592 [localhost-startStop-1] INFO  o.s.b.w.s.FilterRegistrationBean -Mapping filter: 'characterEncodingFilter' to: [/*]
2018-10-18 08:29:41.593 [localhost-startStop-1] INFO  o.s.b.w.s.FilterRegistrationBean -Mapping filter: 'greeting' to urls: [/*]
2018-10-18 08:29:41.594 [localhost-startStop-1] INFO  o.s.b.w.s.ServletRegistrationBean -Servlet dispatcherServlet mapped to [/]
2018-10-18 08:29:42.319 [main] INFO  o.s.w.s.m.m.a.RequestMappingHandlerMapping -Mapped "{[/visitor]}" onto public java.lang.String com.merck.controller.DataController.visitor()
2018-10-18 08:29:42.321 [main] INFO  o.s.w.s.m.m.a.RequestMappingHandlerMapping -Mapped "{[/addData]}" onto public com.merck.common.Result<?> com.merck.controller.DataController.addData(com.merck.dao.domain.Data) throws java.lang.Exception
2018-10-18 08:29:42.322 [main] INFO  o.s.w.s.m.m.a.RequestMappingHandlerMapping -Mapped "{[/getDatas]}" onto public com.merck.common.Result<?> com.merck.controller.DataController.getDatas(com.merck.dao.domain.Data) throws java.lang.Exception
2018-10-18 08:29:42.323 [main] INFO  o.s.w.s.m.m.a.RequestMappingHandlerMapping -Mapped "{[/loginVerify]}" onto public java.lang.String com.merck.controller.LoginController.loginVerify(java.lang.String,java.lang.String,javax.servlet.http.HttpSession)
2018-10-18 08:29:42.324 [main] INFO  o.s.w.s.m.m.a.RequestMappingHandlerMapping -Mapped "{[/login]}" onto public java.lang.String com.merck.controller.LoginController.login()
2018-10-18 08:29:42.335 [main] INFO  o.s.w.s.m.m.a.RequestMappingHandlerMapping -Mapped "{[/error]}" onto public org.springframework.http.ResponseEntity<java.util.Map<java.lang.String, java.lang.Object>> org.springframework.boot.autoconfigure.web.servlet.error.BasicErrorController.error(javax.servlet.http.HttpServletRequest)
2018-10-18 08:29:42.337 [main] INFO  o.s.w.s.m.m.a.RequestMappingHandlerMapping -Mapped "{[/error],produces=[text/html]}" onto public org.springframework.web.servlet.ModelAndView org.springframework.boot.autoconfigure.web.servlet.error.BasicErrorController.errorHtml(javax.servlet.http.HttpServletRequest,javax.servlet.http.HttpServletResponse)
2018-10-18 08:29:42.400 [main] INFO  o.s.w.s.h.SimpleUrlHandlerMapping -Mapped URL path [/static/**] onto handler of type [class org.springframework.web.servlet.resource.ResourceHttpRequestHandler]
2018-10-18 08:29:42.493 [main] INFO  o.s.w.s.m.m.a.RequestMappingHandlerAdapter -Looking for @ControllerAdvice: org.springframework.boot.web.servlet.context.AnnotationConfigServletWebServerApplicationContext@10e41621: startup date [Thu Oct 18 08:29:38 CST 2018]; root of context hierarchy
2018-10-18 08:29:43.120 [main] INFO  o.s.j.e.a.AnnotationMBeanExporter -Registering beans for JMX exposure on startup
2018-10-18 08:29:43.124 [main] INFO  o.s.j.e.a.AnnotationMBeanExporter -Bean with name 'dataSource' has been autodetected for JMX exposure
2018-10-18 08:29:43.137 [main] INFO  o.s.j.e.a.AnnotationMBeanExporter -Located MBean 'dataSource': registering with JMX server as MBean [com.zaxxer.hikari:name=dataSource,type=HikariDataSource]
2018-10-18 08:29:43.195 [main] INFO  o.s.b.w.e.tomcat.TomcatWebServer -Tomcat started on port(s): 8080 (http) with context path ''
2018-10-18 08:29:43.199 [main] INFO  com.merck.Application -Started Application in 5.014 seconds (JVM running for 5.594)
2018-10-18 08:29:48.912 [http-nio-8080-exec-1] INFO  o.a.c.c.C.[Tomcat].[localhost].[/] -Initializing Spring FrameworkServlet 'dispatcherServlet'
2018-10-18 08:29:48.913 [http-nio-8080-exec-1] INFO  o.s.web.servlet.DispatcherServlet -FrameworkServlet 'dispatcherServlet': initialization started
2018-10-18 08:29:48.943 [http-nio-8080-exec-1] INFO  o.s.web.servlet.DispatcherServlet -FrameworkServlet 'dispatcherServlet': initialization completed in 30 ms
2018-10-18 08:30:42.994 [main] INFO  com.merck.Application -Starting Application on DESKTOP-KFHNQDV with PID 13500 (started by 应 in C:\github\codeRep\Java\sping boot\merckActrl)
2018-10-18 08:30:43.009 [main] INFO  com.merck.Application -No active profile set, falling back to default profiles: default
2018-10-18 08:30:43.124 [main] INFO  o.s.b.w.s.c.AnnotationConfigServletWebServerApplicationContext -Refreshing org.springframework.boot.web.servlet.context.AnnotationConfigServletWebServerApplicationContext@64cd705f: startup date [Thu Oct 18 08:30:43 CST 2018]; root of context hierarchy
2018-10-18 08:30:45.566 [main] INFO  o.s.b.w.e.tomcat.TomcatWebServer -Tomcat initialized with port(s): 8080 (http)
2018-10-18 08:30:45.611 [main] INFO  o.a.catalina.core.StandardService -Starting service [Tomcat]
2018-10-18 08:30:45.612 [main] INFO  o.a.catalina.core.StandardEngine -Starting Servlet Engine: Apache Tomcat/8.5.34
2018-10-18 08:30:45.632 [localhost-startStop-1] INFO  o.a.c.core.AprLifecycleListener -The APR based Apache Tomcat Native library which allows optimal performance in production environments was not found on the java.library.path: [C:\Program Files\Java\jdk1.8.0_101\bin;C:\WINDOWS\Sun\Java\bin;C:\WINDOWS\system32;C:\WINDOWS;C:\ProgramData\Oracle\Java\javapath;C:\Windows\system32;C:\Windows;C:\Windows\System32\Wbem;C:\Windows\System32\WindowsPowerShell\v1.0\;C:\Program Files (x86)\NVIDIA Corporation\PhysX\Common;C:\Program Files\Intel\WiFi\bin\;C:\Program Files\Common Files\Intel\WirelessCommon\;C:\Program Files\nodejs\;C:\Program Files\Java\jdk1.8.0_101\bin;"C:\Program Files\Java\jdk1.8.0_101\jre\bin;";C:\ruanjian\apache-maven-3.5.0\bin;C:\Program Files\TortoiseSVN\bin;C:\Program Files\MySQL\MySQL Server 8.0\bin;C:\Windows\System32;C:\WINDOWS\system32;C:\WINDOWS;C:\WINDOWS\System32\Wbem;C:\WINDOWS\System32\WindowsPowerShell\v1.0\;C:\WINDOWS\System32\OpenSSH\;C:\ruanjian\Git\cmd;C:\ruanjian\python3\Scripts\;C:\ruanjian\python3\;C:\Ruby22-x64\bin;C:\python27\Scripts;C:\Python27;C:\Users\应\AppData\Local\Microsoft\WindowsApps;C:\Users\应\AppData\Roaming\npm;;.]
2018-10-18 08:30:45.800 [localhost-startStop-1] INFO  o.a.c.c.C.[Tomcat].[localhost].[/] -Initializing Spring embedded WebApplicationContext
2018-10-18 08:30:45.801 [localhost-startStop-1] INFO  o.s.web.context.ContextLoader -Root WebApplicationContext: initialization completed in 2677 ms
2018-10-18 08:30:45.909 [localhost-startStop-1] INFO  o.s.b.w.s.FilterRegistrationBean -Mapping filter: 'characterEncodingFilter' to: [/*]
2018-10-18 08:30:45.910 [localhost-startStop-1] INFO  o.s.b.w.s.FilterRegistrationBean -Mapping filter: 'greeting' to urls: [/*]
2018-10-18 08:30:45.910 [localhost-startStop-1] INFO  o.s.b.w.s.ServletRegistrationBean -Servlet dispatcherServlet mapped to [/]
2018-10-18 08:30:46.582 [main] INFO  o.s.w.s.m.m.a.RequestMappingHandlerMapping -Mapped "{[/visitor]}" onto public java.lang.String com.merck.controller.DataController.visitor()
2018-10-18 08:30:46.585 [main] INFO  o.s.w.s.m.m.a.RequestMappingHandlerMapping -Mapped "{[/addData]}" onto public com.merck.common.Result<?> com.merck.controller.DataController.addData(com.merck.dao.domain.Data) throws java.lang.Exception
2018-10-18 08:30:46.585 [main] INFO  o.s.w.s.m.m.a.RequestMappingHandlerMapping -Mapped "{[/getDatas]}" onto public com.merck.common.Result<?> com.merck.controller.DataController.getDatas(com.merck.dao.domain.Data) throws java.lang.Exception
2018-10-18 08:30:46.586 [main] INFO  o.s.w.s.m.m.a.RequestMappingHandlerMapping -Mapped "{[/loginVerify]}" onto public java.lang.String com.merck.controller.LoginController.loginVerify(java.lang.String,java.lang.String,javax.servlet.http.HttpSession)
2018-10-18 08:30:46.588 [main] INFO  o.s.w.s.m.m.a.RequestMappingHandlerMapping -Mapped "{[/login]}" onto public java.lang.String com.merck.controller.LoginController.login()
2018-10-18 08:30:46.596 [main] INFO  o.s.w.s.m.m.a.RequestMappingHandlerMapping -Mapped "{[/error]}" onto public org.springframework.http.ResponseEntity<java.util.Map<java.lang.String, java.lang.Object>> org.springframework.boot.autoconfigure.web.servlet.error.BasicErrorController.error(javax.servlet.http.HttpServletRequest)
2018-10-18 08:30:46.597 [main] INFO  o.s.w.s.m.m.a.RequestMappingHandlerMapping -Mapped "{[/error],produces=[text/html]}" onto public org.springframework.web.servlet.ModelAndView org.springframework.boot.autoconfigure.web.servlet.error.BasicErrorController.errorHtml(javax.servlet.http.HttpServletRequest,javax.servlet.http.HttpServletResponse)
2018-10-18 08:30:46.663 [main] INFO  o.s.w.s.h.SimpleUrlHandlerMapping -Mapped URL path [/static/**] onto handler of type [class org.springframework.web.servlet.resource.ResourceHttpRequestHandler]
2018-10-18 08:30:46.764 [main] INFO  o.s.w.s.m.m.a.RequestMappingHandlerAdapter -Looking for @ControllerAdvice: org.springframework.boot.web.servlet.context.AnnotationConfigServletWebServerApplicationContext@64cd705f: startup date [Thu Oct 18 08:30:43 CST 2018]; root of context hierarchy
2018-10-18 08:30:47.468 [main] INFO  o.s.j.e.a.AnnotationMBeanExporter -Registering beans for JMX exposure on startup
2018-10-18 08:30:47.470 [main] INFO  o.s.j.e.a.AnnotationMBeanExporter -Bean with name 'dataSource' has been autodetected for JMX exposure
2018-10-18 08:30:47.477 [main] INFO  o.s.j.e.a.AnnotationMBeanExporter -Located MBean 'dataSource': registering with JMX server as MBean [com.zaxxer.hikari:name=dataSource,type=HikariDataSource]
2018-10-18 08:30:47.542 [main] INFO  o.s.b.w.e.tomcat.TomcatWebServer -Tomcat started on port(s): 8080 (http) with context path ''
2018-10-18 08:30:47.549 [main] INFO  com.merck.Application -Started Application in 5.206 seconds (JVM running for 5.777)
2018-10-18 08:30:51.855 [http-nio-8080-exec-1] INFO  o.a.c.c.C.[Tomcat].[localhost].[/] -Initializing Spring FrameworkServlet 'dispatcherServlet'
2018-10-18 08:30:51.856 [http-nio-8080-exec-1] INFO  o.s.web.servlet.DispatcherServlet -FrameworkServlet 'dispatcherServlet': initialization started
2018-10-18 08:30:51.888 [http-nio-8080-exec-1] INFO  o.s.web.servlet.DispatcherServlet -FrameworkServlet 'dispatcherServlet': initialization completed in 31 ms
2018-10-18 08:32:27.560 [main] INFO  com.merck.Application -Starting Application on DESKTOP-KFHNQDV with PID 1356 (started by 应 in C:\github\codeRep\Java\sping boot\merckActrl)
2018-10-18 08:32:27.571 [main] INFO  com.merck.Application -No active profile set, falling back to default profiles: default
2018-10-18 08:32:27.674 [main] INFO  o.s.b.w.s.c.AnnotationConfigServletWebServerApplicationContext -Refreshing org.springframework.boot.web.servlet.context.AnnotationConfigServletWebServerApplicationContext@48ae9b55: startup date [Thu Oct 18 08:32:27 CST 2018]; root of context hierarchy
2018-10-18 08:32:30.079 [main] INFO  o.s.b.w.e.tomcat.TomcatWebServer -Tomcat initialized with port(s): 8080 (http)
2018-10-18 08:32:30.122 [main] INFO  o.a.catalina.core.StandardService -Starting service [Tomcat]
2018-10-18 08:32:30.122 [main] INFO  o.a.catalina.core.StandardEngine -Starting Servlet Engine: Apache Tomcat/8.5.34
2018-10-18 08:32:30.142 [localhost-startStop-1] INFO  o.a.c.core.AprLifecycleListener -The APR based Apache Tomcat Native library which allows optimal performance in production environments was not found on the java.library.path: [C:\Program Files\Java\jdk1.8.0_101\bin;C:\WINDOWS\Sun\Java\bin;C:\WINDOWS\system32;C:\WINDOWS;C:\ProgramData\Oracle\Java\javapath;C:\Windows\system32;C:\Windows;C:\Windows\System32\Wbem;C:\Windows\System32\WindowsPowerShell\v1.0\;C:\Program Files (x86)\NVIDIA Corporation\PhysX\Common;C:\Program Files\Intel\WiFi\bin\;C:\Program Files\Common Files\Intel\WirelessCommon\;C:\Program Files\nodejs\;C:\Program Files\Java\jdk1.8.0_101\bin;"C:\Program Files\Java\jdk1.8.0_101\jre\bin;";C:\ruanjian\apache-maven-3.5.0\bin;C:\Program Files\TortoiseSVN\bin;C:\Program Files\MySQL\MySQL Server 8.0\bin;C:\Windows\System32;C:\WINDOWS\system32;C:\WINDOWS;C:\WINDOWS\System32\Wbem;C:\WINDOWS\System32\WindowsPowerShell\v1.0\;C:\WINDOWS\System32\OpenSSH\;C:\ruanjian\Git\cmd;C:\ruanjian\python3\Scripts\;C:\ruanjian\python3\;C:\Ruby22-x64\bin;C:\python27\Scripts;C:\Python27;C:\Users\应\AppData\Local\Microsoft\WindowsApps;C:\Users\应\AppData\Roaming\npm;;.]
2018-10-18 08:32:30.306 [localhost-startStop-1] INFO  o.a.c.c.C.[Tomcat].[localhost].[/] -Initializing Spring embedded WebApplicationContext
2018-10-18 08:32:30.307 [localhost-startStop-1] INFO  o.s.web.context.ContextLoader -Root WebApplicationContext: initialization completed in 2634 ms
2018-10-18 08:32:30.394 [localhost-startStop-1] INFO  o.s.b.w.s.FilterRegistrationBean -Mapping filter: 'characterEncodingFilter' to: [/*]
2018-10-18 08:32:30.395 [localhost-startStop-1] INFO  o.s.b.w.s.FilterRegistrationBean -Mapping filter: 'greeting' to urls: [/*]
2018-10-18 08:32:30.396 [localhost-startStop-1] INFO  o.s.b.w.s.ServletRegistrationBean -Servlet dispatcherServlet mapped to [/]
2018-10-18 08:32:31.139 [main] INFO  o.s.w.s.m.m.a.RequestMappingHandlerMapping -Mapped "{[/visitor]}" onto public java.lang.String com.merck.controller.DataController.visitor()
2018-10-18 08:32:31.140 [main] INFO  o.s.w.s.m.m.a.RequestMappingHandlerMapping -Mapped "{[/addData]}" onto public com.merck.common.Result<?> com.merck.controller.DataController.addData(com.merck.dao.domain.Data) throws java.lang.Exception
2018-10-18 08:32:31.141 [main] INFO  o.s.w.s.m.m.a.RequestMappingHandlerMapping -Mapped "{[/getDatas]}" onto public com.merck.common.Result<?> com.merck.controller.DataController.getDatas(com.merck.dao.domain.Data) throws java.lang.Exception
2018-10-18 08:32:31.143 [main] INFO  o.s.w.s.m.m.a.RequestMappingHandlerMapping -Mapped "{[/loginVerify]}" onto public java.lang.String com.merck.controller.LoginController.loginVerify(java.lang.String,java.lang.String,javax.servlet.http.HttpSession)
2018-10-18 08:32:31.145 [main] INFO  o.s.w.s.m.m.a.RequestMappingHandlerMapping -Mapped "{[/login]}" onto public java.lang.String com.merck.controller.LoginController.login()
2018-10-18 08:32:31.153 [main] INFO  o.s.w.s.m.m.a.RequestMappingHandlerMapping -Mapped "{[/error]}" onto public org.springframework.http.ResponseEntity<java.util.Map<java.lang.String, java.lang.Object>> org.springframework.boot.autoconfigure.web.servlet.error.BasicErrorController.error(javax.servlet.http.HttpServletRequest)
2018-10-18 08:32:31.156 [main] INFO  o.s.w.s.m.m.a.RequestMappingHandlerMapping -Mapped "{[/error],produces=[text/html]}" onto public org.springframework.web.servlet.ModelAndView org.springframework.boot.autoconfigure.web.servlet.error.BasicErrorController.errorHtml(javax.servlet.http.HttpServletRequest,javax.servlet.http.HttpServletResponse)
2018-10-18 08:32:31.217 [main] INFO  o.s.w.s.h.SimpleUrlHandlerMapping -Mapped URL path [/static/**] onto handler of type [class org.springframework.web.servlet.resource.ResourceHttpRequestHandler]
2018-10-18 08:32:31.315 [main] INFO  o.s.w.s.m.m.a.RequestMappingHandlerAdapter -Looking for @ControllerAdvice: org.springframework.boot.web.servlet.context.AnnotationConfigServletWebServerApplicationContext@48ae9b55: startup date [Thu Oct 18 08:32:27 CST 2018]; root of context hierarchy
2018-10-18 08:32:31.932 [main] INFO  o.s.j.e.a.AnnotationMBeanExporter -Registering beans for JMX exposure on startup
2018-10-18 08:32:31.935 [main] INFO  o.s.j.e.a.AnnotationMBeanExporter -Bean with name 'dataSource' has been autodetected for JMX exposure
2018-10-18 08:32:31.941 [main] INFO  o.s.j.e.a.AnnotationMBeanExporter -Located MBean 'dataSource': registering with JMX server as MBean [com.zaxxer.hikari:name=dataSource,type=HikariDataSource]
2018-10-18 08:32:31.996 [main] INFO  o.s.b.w.e.tomcat.TomcatWebServer -Tomcat started on port(s): 8080 (http) with context path ''
2018-10-18 08:32:32.001 [main] INFO  com.merck.Application -Started Application in 5.073 seconds (JVM running for 5.672)
2018-10-18 08:32:39.718 [http-nio-8080-exec-1] INFO  o.a.c.c.C.[Tomcat].[localhost].[/] -Initializing Spring FrameworkServlet 'dispatcherServlet'
2018-10-18 08:32:39.719 [http-nio-8080-exec-1] INFO  o.s.web.servlet.DispatcherServlet -FrameworkServlet 'dispatcherServlet': initialization started
2018-10-18 08:32:39.755 [http-nio-8080-exec-1] INFO  o.s.web.servlet.DispatcherServlet -FrameworkServlet 'dispatcherServlet': initialization completed in 35 ms
